This is pdfTeX, Version 3.141592653-2.6-1.40.25 (MiKTeX 23.5) (preloaded format=pdflatex 2023.9.18)  7 OCT 2023 16:03
entering extended mode
 \write18 enabled.
 %&-line parsing enabled.
**\def\tikzexternalrealjob{output}\input{output}
(output.tex (C:\Users\angel\AppData\Local\Programs\MiKTeX\tex/latex/base\articl
e.cls
Document Class: article 2023/05/17 v1.4n Standard LaTeX document class
(C:\Users\angel\AppData\Local\Programs\MiKTeX\tex/latex/base\size11.clo
File: size11.clo 2023/05/17 v1.4n Standard LaTeX file (size option)
)
\c@part=\count185
\c@section=\count186
\c@subsection=\count187
\c@subsubsection=\count188
\c@paragraph=\count189
\c@subparagraph=\count190
\c@figure=\count191
\c@table=\count192
\abovecaptionskip=\skip48
\belowcaptionskip=\skip49
\bibindent=\dimen140
) (C:\Users\angel\AppData\Local\Programs\MiKTeX\tex/latex/base\fontenc.sty
Package: fontenc 2021/04/29 v2.0v Standard LaTeX package
) (C:\Users\angel\AppData\Local\Programs\MiKTeX\tex/latex/base\inputenc.sty
Package: inputenc 2021/02/14 v1.3d Input encoding file
\inpenc@prehook=\toks17
\inpenc@posthook=\toks18
) (C:\Users\angel\AppData\Local\Programs\MiKTeX\tex/generic/babel\babel.sty
Package: babel 2023/08/29 v3.93 The Babel package
\babel@savecnt=\count193
\U@D=\dimen141
\l@unhyphenated=\language79
(C:\Users\angel\AppData\Local\Programs\MiKTeX\tex/generic/babel\txtbabel.def)
\bbl@readstream=\read2
\bbl@dirlevel=\count194
*************************************
* Local config file bblopts.cfg used
*
(C:\Users\angel\AppData\Local\Programs\MiKTeX\tex/latex/arabi\bblopts.cfg
File: bblopts.cfg 2005/09/08 v0.1 add Arabic and Farsi to "declared" options of
 babel
)
(C:\Users\angel\AppData\Local\Programs\MiKTeX\tex/latex/babel-italian\italian.l
df
Language: italian 2022/03/27 v.1.4.07 Italian support for the babel system
\it@lettering=\count195
\it@doublequoteactive=\count196
\it@ISOcompliance=\count197
))
(C:\Users\angel\AppData\Local\Programs\MiKTeX\tex/generic/babel/locale/it\babel
-italian.tex
Package babel Info: Importing font and identification data for italian
(babel)             from babel-it.ini. Reported on input line 11.
) (C:\Users\angel\AppData\Local\Programs\MiKTeX\tex/latex/etoolbox\etoolbox.sty
Package: etoolbox 2020/10/05 v2.5k e-TeX tools for LaTeX (JAW)
\etb@tempcnta=\count198
) (C:\Users\angel\AppData\Local\Programs\MiKTeX\tex/latex/amscls\amsthm.sty
Package: amsthm 2020/05/29 v2.20.6
\thm@style=\toks19
\thm@bodyfont=\toks20
\thm@headfont=\toks21
\thm@notefont=\toks22
\thm@headpunct=\toks23
\thm@preskip=\skip50
\thm@postskip=\skip51
\thm@headsep=\skip52
\dth@everypar=\toks24
) (C:\Users\angel\AppData\Local\Programs\MiKTeX\tex/latex/tools\verbatim.sty
Package: verbatim 2022-07-02 v1.5u LaTeX2e package for verbatim enhancements
\every@verbatim=\toks25
\verbatim@line=\toks26
\verbatim@in@stream=\read3
)
(C:\Users\angel\AppData\Local\Programs\MiKTeX\tex/latex/blindtext\blindtext.sty
Package: blindtext 2012/01/06 V2.0 blindtext-Package
(C:\Users\angel\AppData\Local\Programs\MiKTeX\tex/latex/tools\xspace.sty
Package: xspace 2014/10/28 v1.13 Space after command names (DPC,MH)
)
\c@blindtext=\count199
\c@Blindtext=\count266
\c@blind@countparstart=\count267
\blind@countxx=\count268
\blindtext@numBlindtext=\count269
\blind@countyy=\count270
\c@blindlist=\count271
\c@blindlistlevel=\count272
\c@blindlist@level=\count273
\blind@listitem=\count274
\c@blind@listcount=\count275
\c@blind@levelcount=\count276
\blind@mathformula=\count277
\blind@Mathformula=\count278
\c@blind@randomcount=\count279
\c@blind@randommax=\count280
\c@blind@pangramcount=\count281
\c@blind@pangrammax=\count282
)
(C:\Users\angel\AppData\Local\Programs\MiKTeX\tex/latex/tcolorbox\tcolorbox.sty
Package: tcolorbox 2023/06/19 version 6.0.4 text color boxes
(C:\Users\angel\AppData\Local\Programs\MiKTeX\tex/latex/pgf/basiclayer\pgf.sty
(C:\Users\angel\AppData\Local\Programs\MiKTeX\tex/latex/pgf/utilities\pgfrcs.st
y
(C:\Users\angel\AppData\Local\Programs\MiKTeX\tex/generic/pgf/utilities\pgfutil
-common.tex
\pgfutil@everybye=\toks27
\pgfutil@tempdima=\dimen142
\pgfutil@tempdimb=\dimen143
)
(C:\Users\angel\AppData\Local\Programs\MiKTeX\tex/generic/pgf/utilities\pgfutil
-latex.def
\pgfutil@abb=\box51
)
(C:\Users\angel\AppData\Local\Programs\MiKTeX\tex/generic/pgf/utilities\pgfrcs.
code.tex (C:\Users\angel\AppData\Local\Programs\MiKTeX\tex/generic/pgf\pgf.revi
sion.tex)
Package: pgfrcs 2023-01-15 v3.1.10 (3.1.10)
))
Package: pgf 2023-01-15 v3.1.10 (3.1.10)

(C:\Users\angel\AppData\Local\Programs\MiKTeX\tex/latex/pgf/basiclayer\pgfcore.
sty (C:\Users\angel\AppData\Local\Programs\MiKTeX\tex/latex/graphics\graphicx.s
ty
Package: graphicx 2021/09/16 v1.2d Enhanced LaTeX Graphics (DPC,SPQR)
(C:\Users\angel\AppData\Local\Programs\MiKTeX\tex/latex/graphics\keyval.sty
Package: keyval 2022/05/29 v1.15 key=value parser (DPC)
\KV@toks@=\toks28
) (C:\Users\angel\AppData\Local\Programs\MiKTeX\tex/latex/graphics\graphics.sty
Package: graphics 2022/03/10 v1.4e Standard LaTeX Graphics (DPC,SPQR)
(C:\Users\angel\AppData\Local\Programs\MiKTeX\tex/latex/graphics\trig.sty
Package: trig 2021/08/11 v1.11 sin cos tan (DPC)
)
(C:\Users\angel\AppData\Local\Programs\MiKTeX\tex/latex/graphics-cfg\graphics.c
fg
File: graphics.cfg 2016/06/04 v1.11 sample graphics configuration
)
Package graphics Info: Driver file: pdftex.def on input line 107.

(C:\Users\angel\AppData\Local\Programs\MiKTeX\tex/latex/graphics-def\pdftex.def
File: pdftex.def 2022/09/22 v1.2b Graphics/color driver for pdftex
))
\Gin@req@height=\dimen144
\Gin@req@width=\dimen145
)
(C:\Users\angel\AppData\Local\Programs\MiKTeX\tex/latex/pgf/systemlayer\pgfsys.
sty
(C:\Users\angel\AppData\Local\Programs\MiKTeX\tex/generic/pgf/systemlayer\pgfsy
s.code.tex
Package: pgfsys 2023-01-15 v3.1.10 (3.1.10)

(C:\Users\angel\AppData\Local\Programs\MiKTeX\tex/generic/pgf/utilities\pgfkeys
.code.tex
\pgfkeys@pathtoks=\toks29
\pgfkeys@temptoks=\toks30

(C:\Users\angel\AppData\Local\Programs\MiKTeX\tex/generic/pgf/utilities\pgfkeys
libraryfiltered.code.tex
\pgfkeys@tmptoks=\toks31
))
\pgf@x=\dimen146
\pgf@y=\dimen147
\pgf@xa=\dimen148
\pgf@ya=\dimen149
\pgf@xb=\dimen150
\pgf@yb=\dimen151
\pgf@xc=\dimen152
\pgf@yc=\dimen153
\pgf@xd=\dimen154
\pgf@yd=\dimen155
\w@pgf@writea=\write3
\r@pgf@reada=\read4
\c@pgf@counta=\count283
\c@pgf@countb=\count284
\c@pgf@countc=\count285
\c@pgf@countd=\count286
\t@pgf@toka=\toks32
\t@pgf@tokb=\toks33
\t@pgf@tokc=\toks34
\pgf@sys@id@count=\count287

(C:\Users\angel\AppData\Local\Programs\MiKTeX\tex/generic/pgf/systemlayer\pgf.c
fg
File: pgf.cfg 2023-01-15 v3.1.10 (3.1.10)
)
Driver file for pgf: pgfsys-pdftex.def

(C:\Users\angel\AppData\Local\Programs\MiKTeX\tex/generic/pgf/systemlayer\pgfsy
s-pdftex.def
File: pgfsys-pdftex.def 2023-01-15 v3.1.10 (3.1.10)

(C:\Users\angel\AppData\Local\Programs\MiKTeX\tex/generic/pgf/systemlayer\pgfsy
s-common-pdf.def
File: pgfsys-common-pdf.def 2023-01-15 v3.1.10 (3.1.10)
)))
(C:\Users\angel\AppData\Local\Programs\MiKTeX\tex/generic/pgf/systemlayer\pgfsy
ssoftpath.code.tex
File: pgfsyssoftpath.code.tex 2023-01-15 v3.1.10 (3.1.10)
\pgfsyssoftpath@smallbuffer@items=\count288
\pgfsyssoftpath@bigbuffer@items=\count289
)
(C:\Users\angel\AppData\Local\Programs\MiKTeX\tex/generic/pgf/systemlayer\pgfsy
sprotocol.code.tex
File: pgfsysprotocol.code.tex 2023-01-15 v3.1.10 (3.1.10)
)) (C:\Users\angel\AppData\Local\Programs\MiKTeX\tex/latex/xcolor\xcolor.sty
Package: xcolor 2022/06/12 v2.14 LaTeX color extensions (UK)
(C:\Users\angel\AppData\Local\Programs\MiKTeX\tex/latex/graphics-cfg\color.cfg
File: color.cfg 2016/01/02 v1.6 sample color configuration
)
Package xcolor Info: Driver file: pdftex.def on input line 227.
(C:\Users\angel\AppData\Local\Programs\MiKTeX\tex/latex/graphics\mathcolor.ltx)
Package xcolor Info: Model `cmy' substituted by `cmy0' on input line 1353.
Package xcolor Info: Model `hsb' substituted by `rgb' on input line 1357.
Package xcolor Info: Model `RGB' extended on input line 1369.
Package xcolor Info: Model `HTML' substituted by `rgb' on input line 1371.
Package xcolor Info: Model `Hsb' substituted by `hsb' on input line 1372.
Package xcolor Info: Model `tHsb' substituted by `hsb' on input line 1373.
Package xcolor Info: Model `HSB' substituted by `hsb' on input line 1374.
Package xcolor Info: Model `Gray' substituted by `gray' on input line 1375.
Package xcolor Info: Model `wave' substituted by `hsb' on input line 1376.
)
(C:\Users\angel\AppData\Local\Programs\MiKTeX\tex/generic/pgf/basiclayer\pgfcor
e.code.tex
Package: pgfcore 2023-01-15 v3.1.10 (3.1.10)

(C:\Users\angel\AppData\Local\Programs\MiKTeX\tex/generic/pgf/math\pgfmath.code
.tex
(C:\Users\angel\AppData\Local\Programs\MiKTeX\tex/generic/pgf/math\pgfmathutil.
code.tex)
(C:\Users\angel\AppData\Local\Programs\MiKTeX\tex/generic/pgf/math\pgfmathparse
r.code.tex
\pgfmath@dimen=\dimen156
\pgfmath@count=\count290
\pgfmath@box=\box52
\pgfmath@toks=\toks35
\pgfmath@stack@operand=\toks36
\pgfmath@stack@operation=\toks37
)
(C:\Users\angel\AppData\Local\Programs\MiKTeX\tex/generic/pgf/math\pgfmathfunct
ions.code.tex)
(C:\Users\angel\AppData\Local\Programs\MiKTeX\tex/generic/pgf/math\pgfmathfunct
ions.basic.code.tex)
(C:\Users\angel\AppData\Local\Programs\MiKTeX\tex/generic/pgf/math\pgfmathfunct
ions.trigonometric.code.tex)
(C:\Users\angel\AppData\Local\Programs\MiKTeX\tex/generic/pgf/math\pgfmathfunct
ions.random.code.tex)
(C:\Users\angel\AppData\Local\Programs\MiKTeX\tex/generic/pgf/math\pgfmathfunct
ions.comparison.code.tex)
(C:\Users\angel\AppData\Local\Programs\MiKTeX\tex/generic/pgf/math\pgfmathfunct
ions.base.code.tex)
(C:\Users\angel\AppData\Local\Programs\MiKTeX\tex/generic/pgf/math\pgfmathfunct
ions.round.code.tex)
(C:\Users\angel\AppData\Local\Programs\MiKTeX\tex/generic/pgf/math\pgfmathfunct
ions.misc.code.tex)
(C:\Users\angel\AppData\Local\Programs\MiKTeX\tex/generic/pgf/math\pgfmathfunct
ions.integerarithmetics.code.tex)
(C:\Users\angel\AppData\Local\Programs\MiKTeX\tex/generic/pgf/math\pgfmathcalc.
code.tex)
(C:\Users\angel\AppData\Local\Programs\MiKTeX\tex/generic/pgf/math\pgfmathfloat
.code.tex
\c@pgfmathroundto@lastzeros=\count291
))
(C:\Users\angel\AppData\Local\Programs\MiKTeX\tex/generic/pgf/math\pgfint.code.
tex)
(C:\Users\angel\AppData\Local\Programs\MiKTeX\tex/generic/pgf/basiclayer\pgfcor
epoints.code.tex
File: pgfcorepoints.code.tex 2023-01-15 v3.1.10 (3.1.10)
\pgf@picminx=\dimen157
\pgf@picmaxx=\dimen158
\pgf@picminy=\dimen159
\pgf@picmaxy=\dimen160
\pgf@pathminx=\dimen161
\pgf@pathmaxx=\dimen162
\pgf@pathminy=\dimen163
\pgf@pathmaxy=\dimen164
\pgf@xx=\dimen165
\pgf@xy=\dimen166
\pgf@yx=\dimen167
\pgf@yy=\dimen168
\pgf@zx=\dimen169
\pgf@zy=\dimen170
)
(C:\Users\angel\AppData\Local\Programs\MiKTeX\tex/generic/pgf/basiclayer\pgfcor
epathconstruct.code.tex
File: pgfcorepathconstruct.code.tex 2023-01-15 v3.1.10 (3.1.10)
\pgf@path@lastx=\dimen171
\pgf@path@lasty=\dimen172
)
(C:\Users\angel\AppData\Local\Programs\MiKTeX\tex/generic/pgf/basiclayer\pgfcor
epathusage.code.tex
File: pgfcorepathusage.code.tex 2023-01-15 v3.1.10 (3.1.10)
\pgf@shorten@end@additional=\dimen173
\pgf@shorten@start@additional=\dimen174
)
(C:\Users\angel\AppData\Local\Programs\MiKTeX\tex/generic/pgf/basiclayer\pgfcor
escopes.code.tex
File: pgfcorescopes.code.tex 2023-01-15 v3.1.10 (3.1.10)
\pgfpic=\box53
\pgf@hbox=\box54
\pgf@layerbox@main=\box55
\pgf@picture@serial@count=\count292
)
(C:\Users\angel\AppData\Local\Programs\MiKTeX\tex/generic/pgf/basiclayer\pgfcor
egraphicstate.code.tex
File: pgfcoregraphicstate.code.tex 2023-01-15 v3.1.10 (3.1.10)
\pgflinewidth=\dimen175
)
(C:\Users\angel\AppData\Local\Programs\MiKTeX\tex/generic/pgf/basiclayer\pgfcor
etransformations.code.tex
File: pgfcoretransformations.code.tex 2023-01-15 v3.1.10 (3.1.10)
\pgf@pt@x=\dimen176
\pgf@pt@y=\dimen177
\pgf@pt@temp=\dimen178
)
(C:\Users\angel\AppData\Local\Programs\MiKTeX\tex/generic/pgf/basiclayer\pgfcor
equick.code.tex
File: pgfcorequick.code.tex 2023-01-15 v3.1.10 (3.1.10)
)
(C:\Users\angel\AppData\Local\Programs\MiKTeX\tex/generic/pgf/basiclayer\pgfcor
eobjects.code.tex
File: pgfcoreobjects.code.tex 2023-01-15 v3.1.10 (3.1.10)
)
(C:\Users\angel\AppData\Local\Programs\MiKTeX\tex/generic/pgf/basiclayer\pgfcor
epathprocessing.code.tex
File: pgfcorepathprocessing.code.tex 2023-01-15 v3.1.10 (3.1.10)
)
(C:\Users\angel\AppData\Local\Programs\MiKTeX\tex/generic/pgf/basiclayer\pgfcor
earrows.code.tex
File: pgfcorearrows.code.tex 2023-01-15 v3.1.10 (3.1.10)
\pgfarrowsep=\dimen179
)
(C:\Users\angel\AppData\Local\Programs\MiKTeX\tex/generic/pgf/basiclayer\pgfcor
eshade.code.tex
File: pgfcoreshade.code.tex 2023-01-15 v3.1.10 (3.1.10)
\pgf@max=\dimen180
\pgf@sys@shading@range@num=\count293
\pgf@shadingcount=\count294
)
(C:\Users\angel\AppData\Local\Programs\MiKTeX\tex/generic/pgf/basiclayer\pgfcor
eimage.code.tex
File: pgfcoreimage.code.tex 2023-01-15 v3.1.10 (3.1.10)
)
(C:\Users\angel\AppData\Local\Programs\MiKTeX\tex/generic/pgf/basiclayer\pgfcor
eexternal.code.tex
File: pgfcoreexternal.code.tex 2023-01-15 v3.1.10 (3.1.10)
\pgfexternal@startupbox=\box56
)
(C:\Users\angel\AppData\Local\Programs\MiKTeX\tex/generic/pgf/basiclayer\pgfcor
elayers.code.tex
File: pgfcorelayers.code.tex 2023-01-15 v3.1.10 (3.1.10)
)
(C:\Users\angel\AppData\Local\Programs\MiKTeX\tex/generic/pgf/basiclayer\pgfcor
etransparency.code.tex
File: pgfcoretransparency.code.tex 2023-01-15 v3.1.10 (3.1.10)
)
(C:\Users\angel\AppData\Local\Programs\MiKTeX\tex/generic/pgf/basiclayer\pgfcor
epatterns.code.tex
File: pgfcorepatterns.code.tex 2023-01-15 v3.1.10 (3.1.10)
)
(C:\Users\angel\AppData\Local\Programs\MiKTeX\tex/generic/pgf/basiclayer\pgfcor
erdf.code.tex
File: pgfcorerdf.code.tex 2023-01-15 v3.1.10 (3.1.10)
)))
(C:\Users\angel\AppData\Local\Programs\MiKTeX\tex/generic/pgf/modules\pgfmodule
shapes.code.tex
File: pgfmoduleshapes.code.tex 2023-01-15 v3.1.10 (3.1.10)
\pgfnodeparttextbox=\box57
)
(C:\Users\angel\AppData\Local\Programs\MiKTeX\tex/generic/pgf/modules\pgfmodule
plot.code.tex
File: pgfmoduleplot.code.tex 2023-01-15 v3.1.10 (3.1.10)
)
(C:\Users\angel\AppData\Local\Programs\MiKTeX\tex/latex/pgf/compatibility\pgfco
mp-version-0-65.sty
Package: pgfcomp-version-0-65 2023-01-15 v3.1.10 (3.1.10)
\pgf@nodesepstart=\dimen181
\pgf@nodesepend=\dimen182
)
(C:\Users\angel\AppData\Local\Programs\MiKTeX\tex/latex/pgf/compatibility\pgfco
mp-version-1-18.sty
Package: pgfcomp-version-1-18 2023-01-15 v3.1.10 (3.1.10)
)) (C:\Users\angel\AppData\Local\Programs\MiKTeX\tex/latex/environ\environ.sty
Package: environ 2014/05/04 v0.3 A new way to define environments

(C:\Users\angel\AppData\Local\Programs\MiKTeX\tex/latex/trimspaces\trimspaces.s
ty
Package: trimspaces 2009/09/17 v1.1 Trim spaces around a token list
)
\@envbody=\toks38
)
\tcb@titlebox=\box58
\tcb@upperbox=\box59
\tcb@lowerbox=\box60
\tcb@phantombox=\box61
\c@tcbbreakpart=\count295
\c@tcblayer=\count296
\c@tcolorbox@number=\count297
\tcb@temp=\box62
\tcb@temp=\box63
\tcb@temp=\box64
\tcb@temp=\box65
) (C:\Users\angel\AppData\Local\Programs\MiKTeX\tex/latex/amsfonts\amssymb.sty
Package: amssymb 2013/01/14 v3.01 AMS font symbols
(C:\Users\angel\AppData\Local\Programs\MiKTeX\tex/latex/amsfonts\amsfonts.sty
Package: amsfonts 2013/01/14 v3.01 Basic AMSFonts support
\@emptytoks=\toks39
\symAMSa=\mathgroup4
\symAMSb=\mathgroup5
LaTeX Font Info:    Redeclaring math symbol \hbar on input line 98.
LaTeX Font Info:    Overwriting math alphabet `\mathfrak' in version `bold'
(Font)                  U/euf/m/n --> U/euf/b/n on input line 106.
)) (C:\Users\angel\AppData\Local\Programs\MiKTeX\tex/latex/tools\bm.sty
Package: bm 2022/01/05 v1.2f Bold Symbol Support (DPC/FMi)
\symboldoperators=\mathgroup6
\symboldletters=\mathgroup7
\symboldsymbols=\mathgroup8
Package bm Info: No bold for \OMX/cmex/m/n, using \pmb.
Package bm Info: No bold for \U/msa/m/n, using \pmb.
Package bm Info: No bold for \U/msb/m/n, using \pmb.
LaTeX Font Info:    Redeclaring math alphabet \mathbf on input line 149.
) (C:\Users\angel\AppData\Local\Programs\MiKTeX\tex/latex/amsmath\amsmath.sty
Package: amsmath 2023/05/13 v2.17o AMS math features
\@mathmargin=\skip53
For additional information on amsmath, use the `?' option.
(C:\Users\angel\AppData\Local\Programs\MiKTeX\tex/latex/amsmath\amstext.sty
Package: amstext 2021/08/26 v2.01 AMS text
(C:\Users\angel\AppData\Local\Programs\MiKTeX\tex/latex/amsmath\amsgen.sty
File: amsgen.sty 1999/11/30 v2.0 generic functions
\@emptytoks=\toks40
\ex@=\dimen183
)) (C:\Users\angel\AppData\Local\Programs\MiKTeX\tex/latex/amsmath\amsbsy.sty
Package: amsbsy 1999/11/29 v1.2d Bold Symbols
LaTeX Info: Redefining \boldsymbol on input line 28.
\pmbraise@=\dimen184
) (C:\Users\angel\AppData\Local\Programs\MiKTeX\tex/latex/amsmath\amsopn.sty
Package: amsopn 2022/04/08 v2.04 operator names
)
\inf@bad=\count298
LaTeX Info: Redefining \frac on input line 234.
\uproot@=\count299
\leftroot@=\count300
LaTeX Info: Redefining \overline on input line 399.
LaTeX Info: Redefining \colon on input line 410.
\classnum@=\count301
\DOTSCASE@=\count302
LaTeX Info: Redefining \ldots on input line 496.
LaTeX Info: Redefining \dots on input line 499.
LaTeX Info: Redefining \cdots on input line 620.
\Mathstrutbox@=\box66
\strutbox@=\box67
LaTeX Info: Redefining \big on input line 722.
LaTeX Info: Redefining \Big on input line 723.
LaTeX Info: Redefining \bigg on input line 724.
LaTeX Info: Redefining \Bigg on input line 725.
\big@size=\dimen185
LaTeX Font Info:    Redeclaring font encoding OML on input line 743.
LaTeX Font Info:    Redeclaring font encoding OMS on input line 744.
\macc@depth=\count303
LaTeX Info: Redefining \bmod on input line 905.
LaTeX Info: Redefining \pmod on input line 910.
LaTeX Info: Redefining \smash on input line 940.
LaTeX Info: Redefining \relbar on input line 970.
LaTeX Info: Redefining \Relbar on input line 971.
\c@MaxMatrixCols=\count304
\dotsspace@=\muskip16
\c@parentequation=\count305
\dspbrk@lvl=\count306
\tag@help=\toks41
\row@=\count307
\column@=\count308
\maxfields@=\count309
\andhelp@=\toks42
\eqnshift@=\dimen186
\alignsep@=\dimen187
\tagshift@=\dimen188
\tagwidth@=\dimen189
\totwidth@=\dimen190
\lineht@=\dimen191
\@envbody=\toks43
\multlinegap=\skip54
\multlinetaggap=\skip55
\mathdisplay@stack=\toks44
LaTeX Info: Redefining \[ on input line 2953.
LaTeX Info: Redefining \] on input line 2954.
) (C:\Users\angel\AppData\Local\Programs\MiKTeX\tex/latex/jknappen\mathrsfs.sty
Package: mathrsfs 1996/01/01 Math RSFS package v1.0 (jk)
\symrsfs=\mathgroup9
) (C:\Users\angel\AppData\Local\Programs\MiKTeX\tex/latex/commath\commath.sty (
C:\Users\angel\AppData\Local\Programs\MiKTeX\tex/latex/base\ifthen.sty
Package: ifthen 2022/04/13 v1.1d Standard LaTeX ifthen package (DPC)
)) (C:\Users\angel\AppData\Local\Programs\MiKTeX\tex/latex/tools\enumerate.sty
Package: enumerate 2015/07/23 v3.00 enumerate extensions (DPC)
\@enLab=\toks45
) (C:\Users\angel\AppData\Local\Programs\MiKTeX\tex/latex/setspace\setspace.sty
Package: setspace 2022/12/04 v6.7b set line spacing
) (C:\Users\angel\AppData\Local\Programs\MiKTeX\tex/latex/braket\braket.sty)
(C:\Users\angel\AppData\Local\Programs\MiKTeX\tex/latex/doublestroke\dsfont.sty
Package: dsfont 1995/08/01 v0.1 Double stroke roman fonts
)
(C:\Users\angel\AppData\Local\Programs\MiKTeX\tex/latex/tocbibind\tocbibind.sty
Package: tocbibind 2010/10/13 v1.5k extra ToC listings
Package tocbibind Info: The document has section divisions on input line 50.

Package tocbibind Note: Using section or other style headings.

) (C:\Users\angel\AppData\Local\Programs\MiKTeX\tex/latex/geometry\geometry.sty
Package: geometry 2020/01/02 v5.9 Page Geometry
(C:\Users\angel\AppData\Local\Programs\MiKTeX\tex/generic/iftex\ifvtex.sty
Package: ifvtex 2019/10/25 v1.7 ifvtex legacy package. Use iftex instead.
(C:\Users\angel\AppData\Local\Programs\MiKTeX\tex/generic/iftex\iftex.sty
Package: iftex 2022/02/03 v1.0f TeX engine tests
))
\Gm@cnth=\count310
\Gm@cntv=\count311
\c@Gm@tempcnt=\count312
\Gm@bindingoffset=\dimen192
\Gm@wd@mp=\dimen193
\Gm@odd@mp=\dimen194
\Gm@even@mp=\dimen195
\Gm@layoutwidth=\dimen196
\Gm@layoutheight=\dimen197
\Gm@layouthoffset=\dimen198
\Gm@layoutvoffset=\dimen199
\Gm@dimlist=\toks46
(C:\Users\angel\AppData\Local\Programs\MiKTeX\tex/latex/geometry\geometry.cfg))
(C:\Users\angel\AppData\Local\Programs\MiKTeX\tex/latex/fancyhdr\fancyhdr.sty
Package: fancyhdr 2022/11/09 v4.1 Extensive control of page headers and footers

\f@nch@headwidth=\skip56
\f@nch@O@elh=\skip57
\f@nch@O@erh=\skip58
\f@nch@O@olh=\skip59
\f@nch@O@orh=\skip60
\f@nch@O@elf=\skip61
\f@nch@O@erf=\skip62
\f@nch@O@olf=\skip63
\f@nch@O@orf=\skip64
) (C:\Users\angel\AppData\Local\Programs\MiKTeX\tex/latex/polynom\polynom.sty
Package: polynom 2017/07/17 0.19 (CH,HA)
\pld@currstage=\count313
) (C:\Users\angel\AppData\Local\Programs\MiKTeX\tex/latex/base\textcomp.sty
Package: textcomp 2020/02/02 v2.0n Standard LaTeX package
) (C:\Users\angel\AppData\Local\Programs\MiKTeX\tex/latex/tikz-cd\tikz-cd.sty
Package: tikz-cd 2021/05/04 v1.0 Commutative diagrams with TikZ

(C:\Users\angel\AppData\Local\Programs\MiKTeX\tex/latex/pgf/frontendlayer\tikz.
sty
(C:\Users\angel\AppData\Local\Programs\MiKTeX\tex/latex/pgf/utilities\pgffor.st
y
(C:\Users\angel\AppData\Local\Programs\MiKTeX\tex/latex/pgf/utilities\pgfkeys.s
ty
(C:\Users\angel\AppData\Local\Programs\MiKTeX\tex/generic/pgf/utilities\pgfkeys
.code.tex)) (C:\Users\angel\AppData\Local\Programs\MiKTeX\tex/latex/pgf/math\pg
fmath.sty
(C:\Users\angel\AppData\Local\Programs\MiKTeX\tex/generic/pgf/math\pgfmath.code
.tex))
(C:\Users\angel\AppData\Local\Programs\MiKTeX\tex/generic/pgf/utilities\pgffor.
code.tex
Package: pgffor 2023-01-15 v3.1.10 (3.1.10)
\pgffor@iter=\dimen256
\pgffor@skip=\dimen257
\pgffor@stack=\toks47
\pgffor@toks=\toks48
))
(C:\Users\angel\AppData\Local\Programs\MiKTeX\tex/generic/pgf/frontendlayer/tik
z\tikz.code.tex
Package: tikz 2023-01-15 v3.1.10 (3.1.10)

(C:\Users\angel\AppData\Local\Programs\MiKTeX\tex/generic/pgf/libraries\pgflibr
aryplothandlers.code.tex
File: pgflibraryplothandlers.code.tex 2023-01-15 v3.1.10 (3.1.10)
\pgf@plot@mark@count=\count314
\pgfplotmarksize=\dimen258
)
\tikz@lastx=\dimen259
\tikz@lasty=\dimen260
\tikz@lastxsaved=\dimen261
\tikz@lastysaved=\dimen262
\tikz@lastmovetox=\dimen263
\tikz@lastmovetoy=\dimen264
\tikzleveldistance=\dimen265
\tikzsiblingdistance=\dimen266
\tikz@figbox=\box68
\tikz@figbox@bg=\box69
\tikz@tempbox=\box70
\tikz@tempbox@bg=\box71
\tikztreelevel=\count315
\tikznumberofchildren=\count316
\tikznumberofcurrentchild=\count317
\tikz@fig@count=\count318

(C:\Users\angel\AppData\Local\Programs\MiKTeX\tex/generic/pgf/modules\pgfmodule
matrix.code.tex
File: pgfmodulematrix.code.tex 2023-01-15 v3.1.10 (3.1.10)
\pgfmatrixcurrentrow=\count319
\pgfmatrixcurrentcolumn=\count320
\pgf@matrix@numberofcolumns=\count321
)
\tikz@expandcount=\count322

(C:\Users\angel\AppData\Local\Programs\MiKTeX\tex/generic/pgf/frontendlayer/tik
z/libraries\tikzlibrarytopaths.code.tex
File: tikzlibrarytopaths.code.tex 2023-01-15 v3.1.10 (3.1.10)
)))
(C:\Users\angel\AppData\Local\Programs\MiKTeX\tex/latex/tikz-cd\tikzlibrarycd.c
ode.tex
(C:\Users\angel\AppData\Local\Programs\MiKTeX\tex/generic/pgf/frontendlayer/tik
z/libraries\tikzlibrarymatrix.code.tex
File: tikzlibrarymatrix.code.tex 2023-01-15 v3.1.10 (3.1.10)
)
(C:\Users\angel\AppData\Local\Programs\MiKTeX\tex/generic/pgf/frontendlayer/tik
z/libraries\tikzlibraryquotes.code.tex
File: tikzlibraryquotes.code.tex 2023-01-15 v3.1.10 (3.1.10)
)
(C:\Users\angel\AppData\Local\Programs\MiKTeX\tex/generic/pgf/libraries\pgflibr
aryarrows.meta.code.tex
File: pgflibraryarrows.meta.code.tex 2023-01-15 v3.1.10 (3.1.10)
\pgfarrowinset=\dimen267
\pgfarrowlength=\dimen268
\pgfarrowwidth=\dimen269
\pgfarrowlinewidth=\dimen270
))) (C:\Users\angel\AppData\Local\Programs\MiKTeX\tex/latex/tkz-tab\tkz-tab.sty
Package: tkz-tab 2020/04/29 v2.12c variations (ctan version)
(C:\Users\angel\AppData\Local\Programs\MiKTeX\tex/latex/xkeyval\xkeyval.sty
Package: xkeyval 2022/06/16 v2.9 package option processing (HA)
(C:\Users\angel\AppData\Local\Programs\MiKTeX\tex/generic/xkeyval\xkeyval.tex (
C:\Users\angel\AppData\Local\Programs\MiKTeX\tex/generic/xkeyval\xkvutils.tex
\XKV@toks=\toks49
\XKV@tempa@toks=\toks50
)
\XKV@depth=\count323
File: xkeyval.tex 2014/12/03 v2.7a key=value parser (HA)
))
(C:\Users\angel\AppData\Local\Programs\MiKTeX\tex/generic/pgf/frontendlayer/tik
z/libraries\tikzlibraryarrows.code.tex
File: tikzlibraryarrows.code.tex 2023-01-15 v3.1.10 (3.1.10)

(C:\Users\angel\AppData\Local\Programs\MiKTeX\tex/generic/pgf/libraries\pgflibr
aryarrows.code.tex
File: pgflibraryarrows.code.tex 2023-01-15 v3.1.10 (3.1.10)
\arrowsize=\dimen271
))
(C:\Users\angel\AppData\Local\Programs\MiKTeX\tex/generic/pgf/frontendlayer/tik
z/libraries\tikzlibrarypatterns.code.tex
File: tikzlibrarypatterns.code.tex 2023-01-15 v3.1.10 (3.1.10)

(C:\Users\angel\AppData\Local\Programs\MiKTeX\tex/generic/pgf/libraries\pgflibr
arypatterns.code.tex
File: pgflibrarypatterns.code.tex 2023-01-15 v3.1.10 (3.1.10)
))
\tkz@XF=\dimen272
\tkz@YF=\dimen273
\c@tkz@cnt@line=\count324
\c@tkz@cnt@lg=\count325
\c@tkz@cnt@cl=\count326
\c@tkz@cnt@pred=\count327
\c@tkz@cnt@temp=\count328
\c@tkz@cnt@arrow=\count329
\c@tkz@cnt@zone=\count330
\c@tkz@cnt@lgnext=\count331
\c@tkz@cnt@clnext=\count332
\c@tkz@cnt@pair=\count333
\c@tkz@cnt@impair=\count334
\c@tkz@cnt@aw=\count335
) (C:\Users\angel\AppData\Local\Programs\MiKTeX\tex/latex/xpatch\xpatch.sty (C:
\Users\angel\AppData\Local\Programs\MiKTeX\tex/latex/l3kernel\expl3.sty
Package: expl3 2023-08-29 L3 programming layer (loader) 

(C:\Users\angel\AppData\Local\Programs\MiKTeX\tex/latex/l3backend\l3backend-pdf
tex.def
File: l3backend-pdftex.def 2023-04-19 L3 backend support: PDF output (pdfTeX)
\l__color_backend_stack_int=\count336
\l__pdf_internal_box=\box72
))
Package: xpatch 2020/03/25 v0.3a Extending etoolbox patching commands

(C:\Users\angel\AppData\Local\Programs\MiKTeX\tex/latex/l3packages/xparse\xpars
e.sty
Package: xparse 2023-08-29 L3 Experimental document command parser
))
(C:\Users\angel\AppData\Local\Programs\MiKTeX\tex/latex/mathtools\mathtools.sty
Package: mathtools 2022/06/29 v1.29 mathematical typesetting tools
(C:\Users\angel\AppData\Local\Programs\MiKTeX\tex/latex/tools\calc.sty
Package: calc 2017/05/25 v4.3 Infix arithmetic (KKT,FJ)
\calc@Acount=\count337
\calc@Bcount=\count338
\calc@Adimen=\dimen274
\calc@Bdimen=\dimen275
\calc@Askip=\skip65
\calc@Bskip=\skip66
LaTeX Info: Redefining \setlength on input line 80.
LaTeX Info: Redefining \addtolength on input line 81.
\calc@Ccount=\count339
\calc@Cskip=\skip67
) (C:\Users\angel\AppData\Local\Programs\MiKTeX\tex/latex/mathtools\mhsetup.sty
Package: mhsetup 2021/03/18 v1.4 programming setup (MH)
)
\g_MT_multlinerow_int=\count340
\l_MT_multwidth_dim=\dimen276
\origjot=\skip68
\l_MT_shortvdotswithinadjustabove_dim=\dimen277
\l_MT_shortvdotswithinadjustbelow_dim=\dimen278
\l_MT_above_intertext_sep=\dimen279
\l_MT_below_intertext_sep=\dimen280
\l_MT_above_shortintertext_sep=\dimen281
\l_MT_below_shortintertext_sep=\dimen282
\xmathstrut@box=\box73
\xmathstrut@dim=\dimen283
) (C:\Users\angel\AppData\Local\Programs\MiKTeX\tex/latex/accents\accents.sty
Package: accents 2006/05/12 v1.4 Math Accent Tools
\cc@skew=\dimen284
\cc@wd=\dimen285
\cc@code=\count341
\cc@group=\count342
\cc@skewchar=\count343
) (C:\Users\angel\AppData\Local\Programs\MiKTeX\tex/latex/tzplot\tzplot.sty
Package: tzplot 2022/09/28 v2.1 Plot Graphs with TikZ Abbreviations

(C:\Users\angel\AppData\Local\Programs\MiKTeX\tex/generic/pgf/frontendlayer/tik
z/libraries\tikzlibrarybackgrounds.code.tex
File: tikzlibrarybackgrounds.code.tex 2023-01-15 v3.1.10 (3.1.10)
\pgf@layerbox@background=\box74
\pgf@layerboxsaved@background=\box75
)
(C:\Users\angel\AppData\Local\Programs\MiKTeX\tex/generic/pgf/frontendlayer/tik
z/libraries\tikzlibrarycalc.code.tex
File: tikzlibrarycalc.code.tex 2023-01-15 v3.1.10 (3.1.10)
)
(C:\Users\angel\AppData\Local\Programs\MiKTeX\tex/generic/pgf/frontendlayer/tik
z/libraries\tikzlibrarydecorations.pathreplacing.code.tex
(C:\Users\angel\AppData\Local\Programs\MiKTeX\tex/generic/pgf/frontendlayer/tik
z/libraries\tikzlibrarydecorations.code.tex
(C:\Users\angel\AppData\Local\Programs\MiKTeX\tex/generic/pgf/modules\pgfmodule
decorations.code.tex
\pgfdecoratedcompleteddistance=\dimen286
\pgfdecoratedremainingdistance=\dimen287
\pgfdecoratedinputsegmentcompleteddistance=\dimen288
\pgfdecoratedinputsegmentremainingdistance=\dimen289
\pgf@decorate@distancetomove=\dimen290
\pgf@decorate@repeatstate=\count344
\pgfdecorationsegmentamplitude=\dimen291
\pgfdecorationsegmentlength=\dimen292
)
\tikz@lib@dec@box=\box76
)
(C:\Users\angel\AppData\Local\Programs\MiKTeX\tex/generic/pgf/libraries/decorat
ions\pgflibrarydecorations.pathreplacing.code.tex))
(C:\Users\angel\AppData\Local\Programs\MiKTeX\tex/latex/spath3\tikzlibrarycalli
graphy.code.tex (C:\Users\angel\AppData\Local\Programs\MiKTeX\tex/latex/spath3\
spath3.sty
Package: spath3 2022/08/24 v2.7 Functions for manipulating PGF soft paths
\g__spath_output_int=\count345
\l__spath_tmpa_dim=\dimen293
\l__spath_tmpb_dim=\dimen294
\l__spath_tmpa_int=\count346
\l__spath_tmpb_int=\count347
\l__spath_move_x_dim=\dimen295
\l__spath_move_y_dim=\dimen296
\l__spath_rectx_dim=\dimen297
\l__spath_recty_dim=\dimen298
\g__spath_anon_int=\count348
)
\l__cal_tmpa_int=\count349
\l__cal_tmpb_int=\count350
\g__cal_path_component_int=\count351
\g__cal_label_int=\count352
\l__cal_tmpa_dim=\dimen299
\l__cal_tmpb_dim=\dimen300
\l__cal_tmpc_dim=\dimen301
\l__cal_tmpd_dim=\dimen302
\l__cal_tmpe_dim=\dimen303
\l__cal_tmpf_dim=\dimen304
\l__cal_tmpg_dim=\dimen305
\l__cal_tmph_dim=\dimen306
\l__cal_taper_width_dim=\dimen307
\l__cal_line_width_dim=\dimen308
)
(C:\Users\angel\AppData\Local\Programs\MiKTeX\tex/generic/pgf/frontendlayer/tik
z/libraries\tikzlibraryintersections.code.tex
(C:\Users\angel\AppData\Local\Programs\MiKTeX\tex/generic/pgf/libraries\pgflibr
aryintersections.code.tex
(C:\Users\angel\AppData\Local\Programs\MiKTeX\tex/generic/pgf/libraries\pgflibr
aryfpu.code.tex)
\pgf@intersect@solutions=\count353
))
(C:\Users\angel\AppData\Local\Programs\MiKTeX\tex/generic/pgf/frontendlayer/tik
z/libraries\tikzlibraryplotmarks.code.tex
File: tikzlibraryplotmarks.code.tex 2023-01-15 v3.1.10 (3.1.10)

(C:\Users\angel\AppData\Local\Programs\MiKTeX\tex/generic/pgf/libraries\pgflibr
aryplotmarks.code.tex
File: pgflibraryplotmarks.code.tex 2023-01-15 v3.1.10 (3.1.10)
))
(C:\Users\angel\AppData\Local\Programs\MiKTeX\tex/generic/pgf/frontendlayer/tik
z/libraries\tikzlibrarypositioning.code.tex
File: tikzlibrarypositioning.code.tex 2023-01-15 v3.1.10 (3.1.10)
)
(C:\Users\angel\AppData\Local\Programs\MiKTeX\tex/generic/pgf/frontendlayer/tik
z/libraries\tikzlibraryshapes.code.tex
File: tikzlibraryshapes.code.tex 2023-01-15 v3.1.10 (3.1.10)

(C:\Users\angel\AppData\Local\Programs\MiKTeX\tex/generic/pgf/frontendlayer/tik
z/libraries\tikzlibraryshapes.geometric.code.tex
File: tikzlibraryshapes.geometric.code.tex 2023-01-15 v3.1.10 (3.1.10)

(C:\Users\angel\AppData\Local\Programs\MiKTeX\tex/generic/pgf/libraries/shapes\
pgflibraryshapes.geometric.code.tex
File: pgflibraryshapes.geometric.code.tex 2023-01-15 v3.1.10 (3.1.10)
))
(C:\Users\angel\AppData\Local\Programs\MiKTeX\tex/generic/pgf/frontendlayer/tik
z/libraries\tikzlibraryshapes.misc.code.tex
File: tikzlibraryshapes.misc.code.tex 2023-01-15 v3.1.10 (3.1.10)

(C:\Users\angel\AppData\Local\Programs\MiKTeX\tex/generic/pgf/libraries/shapes\
pgflibraryshapes.misc.code.tex
File: pgflibraryshapes.misc.code.tex 2023-01-15 v3.1.10 (3.1.10)
))
(C:\Users\angel\AppData\Local\Programs\MiKTeX\tex/generic/pgf/frontendlayer/tik
z/libraries\tikzlibraryshapes.symbols.code.tex
File: tikzlibraryshapes.symbols.code.tex 2023-01-15 v3.1.10 (3.1.10)

(C:\Users\angel\AppData\Local\Programs\MiKTeX\tex/generic/pgf/libraries/shapes\
pgflibraryshapes.symbols.code.tex
File: pgflibraryshapes.symbols.code.tex 2023-01-15 v3.1.10 (3.1.10)
))
(C:\Users\angel\AppData\Local\Programs\MiKTeX\tex/generic/pgf/frontendlayer/tik
z/libraries\tikzlibraryshapes.arrows.code.tex
File: tikzlibraryshapes.arrows.code.tex 2023-01-15 v3.1.10 (3.1.10)

(C:\Users\angel\AppData\Local\Programs\MiKTeX\tex/generic/pgf/libraries/shapes\
pgflibraryshapes.arrows.code.tex
File: pgflibraryshapes.arrows.code.tex 2023-01-15 v3.1.10 (3.1.10)
))
(C:\Users\angel\AppData\Local\Programs\MiKTeX\tex/generic/pgf/frontendlayer/tik
z/libraries\tikzlibraryshapes.callouts.code.tex
(C:\Users\angel\AppData\Local\Programs\MiKTeX\tex/generic/pgf/libraries/shapes\
pgflibraryshapes.callouts.code.tex))
(C:\Users\angel\AppData\Local\Programs\MiKTeX\tex/generic/pgf/frontendlayer/tik
z/libraries\tikzlibraryshapes.multipart.code.tex
File: tikzlibraryshapes.multipart.code.tex 2023-01-15 v3.1.10 (3.1.10)

(C:\Users\angel\AppData\Local\Programs\MiKTeX\tex/generic/pgf/libraries/shapes\
pgflibraryshapes.multipart.code.tex
File: pgflibraryshapes.multipart.code.tex 2023-01-15 v3.1.10 (3.1.10)
\pgfnodepartlowerbox=\box77
\pgfnodeparttwobox=\box78
\pgfnodepartthreebox=\box79
\pgfnodepartfourbox=\box80
\pgfnodeparttwentybox=\box81
\pgfnodepartnineteenbox=\box82
\pgfnodeparteighteenbox=\box83
\pgfnodepartseventeenbox=\box84
\pgfnodepartsixteenbox=\box85
\pgfnodepartfifteenbox=\box86
\pgfnodepartfourteenbox=\box87
\pgfnodepartthirteenbox=\box88
\pgfnodeparttwelvebox=\box89
\pgfnodepartelevenbox=\box90
\pgfnodeparttenbox=\box91
\pgfnodepartninebox=\box92
\pgfnodeparteightbox=\box93
\pgfnodepartsevenbox=\box94
\pgfnodepartsixbox=\box95
\pgfnodepartfivebox=\box96
)))
(C:\Users\angel\AppData\Local\Programs\MiKTeX\tex/generic/pgf/frontendlayer/tik
z/libraries\tikzlibrarybending.code.tex
File: tikzlibrarybending.code.tex 2023-01-15 v3.1.10 (3.1.10)

(C:\Users\angel\AppData\Local\Programs\MiKTeX\tex/generic/pgf/modules\pgfmodule
bending.code.tex
File: pgfmodulebending.code.tex 2023-01-15 v3.1.10 (3.1.10)

(C:\Users\angel\AppData\Local\Programs\MiKTeX\tex/generic/pgf/modules\pgfmodule
nonlineartransformations.code.tex
File: pgfmodulenonlineartransformations.code.tex 2023-01-15 v3.1.10 (3.1.10)
\pgftransformnonlinearflatness=\dimen309
)
(C:\Users\angel\AppData\Local\Programs\MiKTeX\tex/generic/pgf/libraries\pgflibr
arycurvilinear.code.tex
File: pgflibrarycurvilinear.code.tex 2023-01-15 v3.1.10 (3.1.10)
\pgf@curvilinear@time@a=\dimen310
\pgf@curvilinear@length@a=\dimen311
\pgf@curvilinear@length@b=\dimen312
\pgf@curvilinear@length@c=\dimen313
\pgf@curvilinear@length@d=\dimen314
)
\pgf@arrows@the@rigidity=\dimen315
))
(C:\Users\angel\AppData\Local\Programs\MiKTeX\tex/generic/pgf/frontendlayer/tik
z/libraries\tikzlibrarydecorations.markings.code.tex
(C:\Users\angel\AppData\Local\Programs\MiKTeX\tex/generic/pgf/libraries/decorat
ions\pgflibrarydecorations.markings.code.tex))
(C:\Users\angel\AppData\Local\Programs\MiKTeX\tex/generic/pgf/frontendlayer/tik
z/libraries\tikzlibrarydecorations.pathmorphing.code.tex
(C:\Users\angel\AppData\Local\Programs\MiKTeX\tex/generic/pgf/libraries/decorat
ions\pgflibrarydecorations.pathmorphing.code.tex))
(C:\Users\angel\AppData\Local\Programs\MiKTeX\tex/generic/pgf/frontendlayer/tik
z/libraries\tikzlibraryspy.code.tex
File: tikzlibraryspy.code.tex 2023-01-15 v3.1.10 (3.1.10)
\tikz@lib@spybox=\box97
)
(C:\Users\angel\AppData\Local\Programs\MiKTeX\tex/generic/pgf/frontendlayer/tik
z/libraries\tikzlibraryfpu.code.tex)
\pgf@layerbox@behind=\box98
\pgf@layerboxsaved@behind=\box99
\pgf@layerbox@above=\box100
\pgf@layerboxsaved@above=\box101
\pgf@layerbox@foreground=\box102
\pgf@layerboxsaved@foreground=\box103
) (C:\Users\angel\AppData\Local\Programs\MiKTeX\tex/latex/chngcntr\chngcntr.sty
Package: chngcntr 2018/04/09 v1.1a change counter resetting
Package chngcntr Info: \counterwithout already defined.
(chngcntr)             Quitting chngcntr on input line 21.
) (C:\Users\angel\AppData\Local\Programs\MiKTeX\tex/latex/apptools\apptools.sty
Package: apptools 2012/11/28 v1.0 Tools for customizing appendices
) (C:\Users\angel\AppData\Local\Programs\MiKTeX\tex/latex/tools\afterpage.sty
Package: afterpage 2014/10/28 v1.08 After-Page Package (DPC)
\AP@output=\toks51
\AP@partial=\box104
\AP@footins=\box105
)
\c@definition=\count354
\c@theorem=\count355
\c@lemma=\count356
\c@exercise=\count357
\c@corollary=\count358
\c@proposition=\count359
\c@axiom=\count360
(C:\Users\angel\AppData\Local\Programs\MiKTeX\tex/latex/float\float.sty
Package: float 2001/11/08 v1.3d Float enhancements (AL)
\c@float@type=\count361
\float@exts=\toks52
\float@box=\box106
\@float@everytoks=\toks53
\@floatcapt=\box107
) (C:\Users\angel\AppData\Local\Programs\MiKTeX\tex/latex/pgfplots\pgfplots.sty

(C:\Users\angel\AppData\Local\Programs\MiKTeX\tex/generic/pgfplots\pgfplots.rev
ision.tex)
Package: pgfplots 2021/05/15 v1.18.1 Data Visualization (1.18.1)

(C:\Users\angel\AppData\Local\Programs\MiKTeX\tex/generic/pgfplots\pgfplots.cod
e.tex
(C:\Users\angel\AppData\Local\Programs\MiKTeX\tex/generic/pgfplots\pgfplotscore
.code.tex
\t@pgfplots@toka=\toks54
\t@pgfplots@tokb=\toks55
\t@pgfplots@tokc=\toks56
\pgfplots@tmpa=\dimen316
\c@pgfplots@coordindex=\count362
\c@pgfplots@scanlineindex=\count363

(C:\Users\angel\AppData\Local\Programs\MiKTeX\tex/generic/pgfplots/sys\pgfplots
sysgeneric.code.tex))
(C:\Users\angel\AppData\Local\Programs\MiKTeX\tex/generic/pgfplots/libs\pgfplot
slibrary.code.tex)
(C:\Users\angel\AppData\Local\Programs\MiKTeX\tex/generic/pgfplots/oldpgfcompat
ib\pgfplotsoldpgfsupp_loader.code.tex
Package pgfplots: loading complementary utilities for your pgf version...
\t@pgf@toka=\toks57
\t@pgf@tokb=\toks58
\t@pgf@tokc=\toks59

(C:\Users\angel\AppData\Local\Programs\MiKTeX\tex/generic/pgfplots/oldpgfcompat
ib\pgfplotsoldpgfsupp_pgfutil-common-lists.tex))
(C:\Users\angel\AppData\Local\Programs\MiKTeX\tex/generic/pgfplots/util\pgfplot
sutil.code.tex
(C:\Users\angel\AppData\Local\Programs\MiKTeX\tex/generic/pgfplots/liststructur
e\pgfplotsliststructure.code.tex)
(C:\Users\angel\AppData\Local\Programs\MiKTeX\tex/generic/pgfplots/liststructur
e\pgfplotsliststructureext.code.tex)
(C:\Users\angel\AppData\Local\Programs\MiKTeX\tex/generic/pgfplots/liststructur
e\pgfplotsarray.code.tex
\c@pgfplotsarray@tmp=\count364
)
(C:\Users\angel\AppData\Local\Programs\MiKTeX\tex/generic/pgfplots/liststructur
e\pgfplotsmatrix.code.tex)
(C:\Users\angel\AppData\Local\Programs\MiKTeX\tex/generic/pgfplots/numtable\pgf
plotstableshared.code.tex
\c@pgfplotstable@counta=\count365
\t@pgfplotstable@a=\toks60
)
(C:\Users\angel\AppData\Local\Programs\MiKTeX\tex/generic/pgfplots/liststructur
e\pgfplotsdeque.code.tex)
(C:\Users\angel\AppData\Local\Programs\MiKTeX\tex/generic/pgfplots/util\pgfplot
sbinary.code.tex
(C:\Users\angel\AppData\Local\Programs\MiKTeX\tex/generic/pgfplots/util\pgfplot
sbinary.data.code.tex))
(C:\Users\angel\AppData\Local\Programs\MiKTeX\tex/generic/pgfplots/util\pgfplot
sutil.verb.code.tex)
(C:\Users\angel\AppData\Local\Programs\MiKTeX\tex/generic/pgfplots/libs\pgflibr
arypgfplots.surfshading.code.tex
\c@pgfplotslibrarysurf@no=\count366

(C:\Users\angel\AppData\Local\Programs\MiKTeX\tex/generic/pgfplots/sys\pgflibra
rypgfplots.surfshading.pgfsys-pdftex.def)))
(C:\Users\angel\AppData\Local\Programs\MiKTeX\tex/generic/pgfplots/util\pgfplot
scolormap.code.tex
(C:\Users\angel\AppData\Local\Programs\MiKTeX\tex/generic/pgfplots/util\pgfplot
scolor.code.tex))
(C:\Users\angel\AppData\Local\Programs\MiKTeX\tex/generic/pgfplots\pgfplotsstac
kedplots.code.tex)
(C:\Users\angel\AppData\Local\Programs\MiKTeX\tex/generic/pgfplots\pgfplotsplot
handlers.code.tex
(C:\Users\angel\AppData\Local\Programs\MiKTeX\tex/generic/pgfplots\pgfplotsmesh
plothandler.code.tex
(C:\Users\angel\AppData\Local\Programs\MiKTeX\tex/generic/pgfplots\pgfplotsmesh
plotimage.code.tex)))
(C:\Users\angel\AppData\Local\Programs\MiKTeX\tex/generic/pgfplots\pgfplots.sca
ling.code.tex)
(C:\Users\angel\AppData\Local\Programs\MiKTeX\tex/generic/pgfplots\pgfplotscoor
dprocessing.code.tex)
(C:\Users\angel\AppData\Local\Programs\MiKTeX\tex/generic/pgfplots\pgfplots.err
orbars.code.tex)
(C:\Users\angel\AppData\Local\Programs\MiKTeX\tex/generic/pgfplots\pgfplots.mar
kers.code.tex)
(C:\Users\angel\AppData\Local\Programs\MiKTeX\tex/generic/pgfplots\pgfplotstick
s.code.tex)
(C:\Users\angel\AppData\Local\Programs\MiKTeX\tex/generic/pgfplots\pgfplots.pat
hs.code.tex)
(C:\Users\angel\AppData\Local\Programs\MiKTeX\tex/generic/pgfplots/libs\tikzlib
rarypgfplots.contourlua.code.tex)
\pgfplots@numplots=\count367
\pgfplots@xmin@reg=\dimen317
\pgfplots@xmax@reg=\dimen318
\pgfplots@ymin@reg=\dimen319
\pgfplots@ymax@reg=\dimen320
\pgfplots@zmin@reg=\dimen321
\pgfplots@zmax@reg=\dimen322
))
(C:\Users\angel\AppData\Local\Programs\MiKTeX\tex/generic/pgfplots/libs\tikzlib
rarypgfplots.fillbetween.code.tex
(C:\Users\angel\AppData\Local\Programs\MiKTeX\tex/generic/pgfplots/pgfcontrib\t
ikzlibraryfillbetween.code.tex
(C:\Users\angel\AppData\Local\Programs\MiKTeX\tex/generic/pgfplots/pgfcontrib\t
ikzlibrarydecorations.softclip.code.tex
(C:\Users\angel\AppData\Local\Programs\MiKTeX\tex/generic/pgfplots/pgfcontrib\p
gflibraryfillbetween.code.tex)))
(C:\Users\angel\AppData\Local\Programs\MiKTeX\tex/generic/pgfplots/libs\tikzlib
rarypgfplots.decorations.softclip.code.tex))
(C:\Users\angel\AppData\Local\Programs\MiKTeX\tex/generic/pgfplots/libs\tikzlib
rarypgfplots.external.code.tex
(C:\Users\angel\AppData\Local\Programs\MiKTeX\tex/latex/pgf/frontendlayer/libra
ries\tikzlibraryexternal.code.tex
(C:\Users\angel\AppData\Local\Programs\MiKTeX\tex/generic/pdftexcmds\pdftexcmds
.sty
Package: pdftexcmds 2020-06-27 v0.33 Utility functions of pdfTeX for LuaTeX (HO
)

(C:\Users\angel\AppData\Local\Programs\MiKTeX\tex/generic/infwarerr\infwarerr.s
ty
Package: infwarerr 2019/12/03 v1.5 Providing info/warning/error messages (HO)
) (C:\Users\angel\AppData\Local\Programs\MiKTeX\tex/generic/ltxcmds\ltxcmds.sty
Package: ltxcmds 2020-05-10 v1.25 LaTeX kernel commands for general use (HO)
)
Package pdftexcmds Info: \pdf@primitive is available.
Package pdftexcmds Info: \pdf@ifprimitive is available.
Package pdftexcmds Info: \pdfdraftmode found.
) (C:\Users\angel\AppData\Local\Programs\MiKTeX\tex/latex/base\atveryend-ltx.st
y
Package: atveryend-ltx 2020/08/19 v1.0a Emulation of the original atveryend pac
kage
with kernel methods
)
(C:\Users\angel\AppData\Local\Programs\MiKTeX\tex/generic/pgf/frontendlayer/tik
z/libraries\tikzexternalshared.code.tex)))
No auxiliary output files.

\w@pgfexternal@auxout=\write4
Package TikZ externalization: calling \geometry{driver=none} during externaliza
tion.

(C:\Users\angel\AppData\Local\Programs\MiKTeX\tex/latex/biblatex\biblatex.sty
Package: biblatex 2023/03/05 v3.19 programmable bibliographies (PK/MW)

(C:\Users\angel\AppData\Local\Programs\MiKTeX\tex/latex/kvoptions\kvoptions.sty
Package: kvoptions 2022-06-15 v3.15 Key value format for package options (HO)

(C:\Users\angel\AppData\Local\Programs\MiKTeX\tex/latex/kvsetkeys\kvsetkeys.sty
Package: kvsetkeys 2022-10-05 v1.19 Key value parser (HO)
)) (C:\Users\angel\AppData\Local\Programs\MiKTeX\tex/latex/logreq\logreq.sty
Package: logreq 2010/08/04 v1.0 xml request logger
\lrq@indent=\count368
(C:\Users\angel\AppData\Local\Programs\MiKTeX\tex/latex/logreq\logreq.def
File: logreq.def 2010/08/04 v1.0 logreq spec v1.0
)) (C:\Users\angel\AppData\Local\Programs\MiKTeX\tex/latex/url\url.sty
\Urlmuskip=\muskip17
Package: url 2013/09/16  ver 3.4  Verb mode for urls, etc.
)
\c@tabx@nest=\count369
\c@listtotal=\count370
\c@listcount=\count371
\c@liststart=\count372
\c@liststop=\count373
\c@citecount=\count374
\c@citetotal=\count375
\c@multicitecount=\count376
\c@multicitetotal=\count377
\c@instcount=\count378
\c@maxnames=\count379
\c@minnames=\count380
\c@maxitems=\count381
\c@minitems=\count382
\c@citecounter=\count383
\c@maxcitecounter=\count384
\c@savedcitecounter=\count385
\c@uniquelist=\count386
\c@uniquename=\count387
\c@refsection=\count388
\c@refsegment=\count389
\c@maxextratitle=\count390
\c@maxextratitleyear=\count391
\c@maxextraname=\count392
\c@maxextradate=\count393
\c@maxextraalpha=\count394
\c@abbrvpenalty=\count395
\c@highnamepenalty=\count396
\c@lownamepenalty=\count397
\c@maxparens=\count398
\c@parenlevel=\count399
\blx@tempcnta=\count400
\blx@tempcntb=\count401
\blx@tempcntc=\count402
\c@blx@maxsection=\count403
\blx@maxsegment@0=\count404
\blx@notetype=\count405
\blx@parenlevel@text=\count406
\blx@parenlevel@foot=\count407
\blx@sectionciteorder@0=\count408
\blx@sectionciteorderinternal@0=\count409
\blx@entrysetcounter=\count410
\blx@biblioinstance=\count411
\labelnumberwidth=\skip69
\labelalphawidth=\skip70
\biblabelsep=\skip71
\bibitemsep=\skip72
\bibnamesep=\skip73
\bibinitsep=\skip74
\bibparsep=\skip75
\bibhang=\skip76
\blx@bcfin=\read5
\blx@bcfout=\write5
\blx@langwohyphens=\language80
\c@mincomprange=\count412
\c@maxcomprange=\count413
\c@mincompwidth=\count414
Package biblatex Info: Trying to load biblatex default data model...
Package biblatex Info: ... file 'blx-dm.def' found.
(C:\Users\angel\AppData\Local\Programs\MiKTeX\tex/latex/biblatex\blx-dm.def
File: blx-dm.def 2023/03/05 v3.19 biblatex localization (PK/MW)
)
Package biblatex Info: Trying to load biblatex custom data model...
Package biblatex Info: ... file 'biblatex-dm.cfg' not found.
\c@afterword=\count415
\c@savedafterword=\count416
\c@annotator=\count417
\c@savedannotator=\count418
\c@author=\count419
\c@savedauthor=\count420
\c@bookauthor=\count421
\c@savedbookauthor=\count422
\c@commentator=\count423
\c@savedcommentator=\count424
\c@editor=\count425
\c@savededitor=\count426
\c@editora=\count427
\c@savededitora=\count428
\c@editorb=\count429
\c@savededitorb=\count430
\c@editorc=\count431
\c@savededitorc=\count432
\c@foreword=\count433
\c@savedforeword=\count434
\c@holder=\count435
\c@savedholder=\count436
\c@introduction=\count437
\c@savedintroduction=\count438
\c@namea=\count439
\c@savednamea=\count440
\c@nameb=\count441
\c@savednameb=\count442
\c@namec=\count443
\c@savednamec=\count444
\c@translator=\count445
\c@savedtranslator=\count446
\c@shortauthor=\count447
\c@savedshortauthor=\count448
\c@shorteditor=\count449
\c@savedshorteditor=\count450
\c@labelname=\count451
\c@savedlabelname=\count452
\c@institution=\count453
\c@savedinstitution=\count454
\c@lista=\count455
\c@savedlista=\count456
\c@listb=\count457
\c@savedlistb=\count458
\c@listc=\count459
\c@savedlistc=\count460
\c@listd=\count461
\c@savedlistd=\count462
\c@liste=\count463
\c@savedliste=\count464
\c@listf=\count465
\c@savedlistf=\count466
\c@location=\count467
\c@savedlocation=\count468
\c@organization=\count469
\c@savedorganization=\count470
\c@origlocation=\count471
\c@savedoriglocation=\count472
\c@origpublisher=\count473
\c@savedorigpublisher=\count474
\c@publisher=\count475
\c@savedpublisher=\count476
\c@language=\count477
\c@savedlanguage=\count478
\c@origlanguage=\count479
\c@savedoriglanguage=\count480
\c@pageref=\count481
\c@savedpageref=\count482
\shorthandwidth=\skip77
\shortjournalwidth=\skip78
\shortserieswidth=\skip79
\shorttitlewidth=\skip80
\shortauthorwidth=\skip81
\shorteditorwidth=\skip82
\locallabelnumberwidth=\skip83
\locallabelalphawidth=\skip84
\localshorthandwidth=\skip85
\localshortjournalwidth=\skip86
\localshortserieswidth=\skip87
\localshorttitlewidth=\skip88
\localshortauthorwidth=\skip89
\localshorteditorwidth=\skip90
Package biblatex Info: Trying to load compatibility code...
Package biblatex Info: ... file 'blx-compat.def' found.

(C:\Users\angel\AppData\Local\Programs\MiKTeX\tex/latex/biblatex\blx-compat.def
File: blx-compat.def 2023/03/05 v3.19 biblatex compatibility (PK/MW)
)
Package biblatex Info: Trying to load generic definitions...
Package biblatex Info: ... file 'biblatex.def' found.
(C:\Users\angel\AppData\Local\Programs\MiKTeX\tex/latex/biblatex\biblatex.def
File: biblatex.def 2023/03/05 v3.19 biblatex compatibility (PK/MW)
\c@textcitecount=\count483
\c@textcitetotal=\count484
\c@textcitemaxnames=\count485
\c@biburlbigbreakpenalty=\count486
\c@biburlbreakpenalty=\count487
\c@biburlnumpenalty=\count488
\c@biburlucpenalty=\count489
\c@biburllcpenalty=\count490
\biburlbigskip=\muskip18
\biburlnumskip=\muskip19
\biburlucskip=\muskip20
\biburllcskip=\muskip21
\c@smartand=\count491
)
Package biblatex Info: Trying to load bibliography style 'numeric'...
Package biblatex Info: ... file 'numeric.bbx' found.

(C:\Users\angel\AppData\Local\Programs\MiKTeX\tex/latex/biblatex/bbx\numeric.bb
x
File: numeric.bbx 2023/03/05 v3.19 biblatex bibliography style (PK/MW)
Package biblatex Info: Trying to load bibliography style 'standard'...
Package biblatex Info: ... file 'standard.bbx' found.

(C:\Users\angel\AppData\Local\Programs\MiKTeX\tex/latex/biblatex/bbx\standard.b
bx
File: standard.bbx 2023/03/05 v3.19 biblatex bibliography style (PK/MW)
\c@bbx:relatedcount=\count492
\c@bbx:relatedtotal=\count493
))
Package biblatex Info: Trying to load citation style 'numeric'...
Package biblatex Info: ... file 'numeric.cbx' found.

(C:\Users\angel\AppData\Local\Programs\MiKTeX\tex/latex/biblatex/cbx\numeric.cb
x
File: numeric.cbx 2023/03/05 v3.19 biblatex citation style (PK/MW)
Package biblatex Info: Redefining '\cite'.
Package biblatex Info: Redefining '\parencite'.
Package biblatex Info: Redefining '\footcite'.
Package biblatex Info: Redefining '\footcitetext'.
Package biblatex Info: Redefining '\smartcite'.
Package biblatex Info: Redefining '\supercite'.
Package biblatex Info: Redefining '\textcite'.
Package biblatex Info: Redefining '\textcites'.
Package biblatex Info: Redefining '\cites'.
Package biblatex Info: Redefining '\parencites'.
Package biblatex Info: Redefining '\smartcites'.
)
Package biblatex Info: Trying to load configuration file...
Package biblatex Info: ... file 'biblatex.cfg' found.
(C:\Users\angel\AppData\Local\Programs\MiKTeX\tex/latex/biblatex\biblatex.cfg
File: biblatex.cfg 
)
Package biblatex Info: Input encoding 'utf8' detected.
Package biblatex Info: Document encoding is UTF8 ....
Package biblatex Info: ... and expl3
(biblatex)             2023-08-29 L3 programming layer (loader) 
(biblatex)             is new enough (at least 2020/04/06),
(biblatex)             setting 'casechanger=expl3'.

(C:\Users\angel\AppData\Local\Programs\MiKTeX\tex/latex/biblatex\blx-case-expl3
.sty
Package: blx-case-expl3 2023/03/05 v3.19 expl3 case changing code for biblatex
)) (C:\Users\angel\AppData\Local\Programs\MiKTeX\tex/latex/csquotes\csquotes.st
y
Package: csquotes 2022-09-14 v5.2n context-sensitive quotations (JAW)
\csq@reset=\count494
\csq@gtype=\count495
\csq@glevel=\count496
\csq@qlevel=\count497
\csq@maxlvl=\count498
\csq@tshold=\count499
\csq@ltx@everypar=\toks61
(C:\Users\angel\AppData\Local\Programs\MiKTeX\tex/latex/csquotes\csquotes.def
File: csquotes.def 2022-09-14 v5.2n csquotes generic definitions (JAW)
)
Package csquotes Info: Trying to load configuration file 'csquotes.cfg'...
Package csquotes Info: ... configuration file loaded successfully.
(C:\Users\angel\AppData\Local\Programs\MiKTeX\tex/latex/csquotes\csquotes.cfg
File: csquotes.cfg 
)) (C:\Users\angel\AppData\Local\Programs\MiKTeX\tex/latex/hyperref\hyperref.st
y
Package: hyperref 2023-07-08 v7.01b Hypertext links for LaTeX

(C:\Users\angel\AppData\Local\Programs\MiKTeX\tex/generic/kvdefinekeys\kvdefine
keys.sty
Package: kvdefinekeys 2019-12-19 v1.6 Define keys (HO)
)
(C:\Users\angel\AppData\Local\Programs\MiKTeX\tex/generic/pdfescape\pdfescape.s
ty
Package: pdfescape 2019/12/09 v1.15 Implements pdfTeX's escape features (HO)
) (C:\Users\angel\AppData\Local\Programs\MiKTeX\tex/latex/hycolor\hycolor.sty
Package: hycolor 2020-01-27 v1.10 Color options for hyperref/bookmark (HO)
)
(C:\Users\angel\AppData\Local\Programs\MiKTeX\tex/latex/letltxmacro\letltxmacro
.sty
Package: letltxmacro 2019/12/03 v1.6 Let assignment for LaTeX macros (HO)
) (C:\Users\angel\AppData\Local\Programs\MiKTeX\tex/latex/auxhook\auxhook.sty
Package: auxhook 2019-12-17 v1.6 Hooks for auxiliary files (HO)
) (C:\Users\angel\AppData\Local\Programs\MiKTeX\tex/latex/hyperref\nameref.sty
Package: nameref 2023-08-07 v2.53 Cross-referencing by name of section
(C:\Users\angel\AppData\Local\Programs\MiKTeX\tex/latex/refcount\refcount.sty
Package: refcount 2019/12/15 v3.6 Data extraction from label references (HO)
)
(C:\Users\angel\AppData\Local\Programs\MiKTeX\tex/generic/gettitlestring\gettit
lestring.sty
Package: gettitlestring 2019/12/15 v1.6 Cleanup title references (HO)
)
\c@section@level=\count500
)
\@linkdim=\dimen323
\Hy@linkcounter=\count501
\Hy@pagecounter=\count502
(C:\Users\angel\AppData\Local\Programs\MiKTeX\tex/latex/hyperref\pd1enc.def
File: pd1enc.def 2023-07-08 v7.01b Hyperref: PDFDocEncoding definition (HO)
Now handling font encoding PD1 ...
... no UTF-8 mapping file for font encoding PD1
) (C:\Users\angel\AppData\Local\Programs\MiKTeX\tex/generic/intcalc\intcalc.sty
Package: intcalc 2019/12/15 v1.3 Expandable calculations with integers (HO)
)
\Hy@SavedSpaceFactor=\count503
(C:\Users\angel\AppData\Local\Programs\MiKTeX\tex/latex/hyperref\puenc.def
File: puenc.def 2023-07-08 v7.01b Hyperref: PDF Unicode definition (HO)
Now handling font encoding PU ...
... no UTF-8 mapping file for font encoding PU
)
Package hyperref Info: Option `pdfa' set `true' on input line 4050.
Package hyperref Info: Hyper figures OFF on input line 4167.
Package hyperref Info: Link nesting OFF on input line 4172.
Package hyperref Info: Hyper index ON on input line 4175.
Package hyperref Info: Plain pages OFF on input line 4182.
Package hyperref Info: Backreferencing OFF on input line 4187.
Package hyperref Info: Implicit mode ON; LaTeX internals redefined.
Package hyperref Info: Bookmarks ON on input line 4434.
\c@Hy@tempcnt=\count504
LaTeX Info: Redefining \url on input line 4772.
\XeTeXLinkMargin=\dimen324
(C:\Users\angel\AppData\Local\Programs\MiKTeX\tex/generic/bitset\bitset.sty
Package: bitset 2019/12/09 v1.3 Handle bit-vector datatype (HO)

(C:\Users\angel\AppData\Local\Programs\MiKTeX\tex/generic/bigintcalc\bigintcalc
.sty
Package: bigintcalc 2019/12/15 v1.5 Expandable calculations on big integers (HO
)
))
\Fld@menulength=\count505
\Field@Width=\dimen325
\Fld@charsize=\dimen326
Package hyperref Info: Hyper figures OFF on input line 6051.
Package hyperref Info: Link nesting OFF on input line 6056.
Package hyperref Info: Hyper index ON on input line 6059.
Package hyperref Info: backreferencing OFF on input line 6066.
Package hyperref Info: Link coloring OFF on input line 6071.
Package hyperref Info: Link coloring with OCG OFF on input line 6076.
Package hyperref Info: PDF/A mode ON on input line 6079.
(C:\Users\angel\AppData\Local\Programs\MiKTeX\tex/latex/base\atbegshi-ltx.sty
Package: atbegshi-ltx 2021/01/10 v1.0c Emulation of the original atbegshi
package with kernel methods
)
\Hy@abspage=\count506
\c@Item=\count507
\c@Hfootnote=\count508
)
Package hyperref Info: Driver (autodetected): hpdftex.
(C:\Users\angel\AppData\Local\Programs\MiKTeX\tex/latex/hyperref\hpdftex.def
File: hpdftex.def 2023-07-08 v7.01b Hyperref driver for pdfTeX
\Fld@listcount=\count509
\c@bookmark@seq@number=\count510

(C:\Users\angel\AppData\Local\Programs\MiKTeX\tex/latex/rerunfilecheck\rerunfil
echeck.sty
Package: rerunfilecheck 2022-07-10 v1.10 Rerun checks for auxiliary files (HO)

(C:\Users\angel\AppData\Local\Programs\MiKTeX\tex/generic/uniquecounter\uniquec
ounter.sty
Package: uniquecounter 2019/12/15 v1.4 Provide unlimited unique counter (HO)
)
Package uniquecounter Info: New unique counter `rerunfilecheck' on input line 2
85.
)
\Hy@SectionHShift=\skip91
) (C:\Users\angel\AppData\Local\Programs\MiKTeX\tex/latex/hyperxmp\hyperxmp.sty
Package: hyperxmp 2023/09/10 v5.12 Store hyperref metadata in XMP format
\hyxmp@aep@toks=\toks62

(C:\Users\angel\AppData\Local\Programs\MiKTeX\tex/generic/stringenc\stringenc.s
ty
Package: stringenc 2019/11/29 v1.12 Convert strings between diff. encodings (HO
)
) (C:\Users\angel\AppData\Local\Programs\MiKTeX\tex/latex/ifmtarg\ifmtarg.sty
Package: ifmtarg 2018/04/16 v1.2b check for an empty argument
)
\@hyxmp@count=\count511
(C:\Users\angel\AppData\Local\Programs\MiKTeX\tex/latex/oberdiek\ifdraft.sty
Package: ifdraft 2016/05/16 v1.4 Detect class options draft and final (HO)
) (C:\Users\angel\AppData\Local\Programs\MiKTeX\tex/generic/iftex\ifluatex.sty
Package: ifluatex 2019/10/25 v1.5 ifluatex legacy package. Use iftex instead.
))<<eciRGB_v2.icc>>
Package hyperref Info: Option `bookmarksopen' set `true' on input line 212.
Package hyperref Info: Option `hypertexnames' set `false' on input line 212.
Package hyperref Info: Option `linktocpage' set `true' on input line 212.
Package hyperref Info: Option `plainpages' set `false' on input line 212.
Package hyperref Info: Option `breaklinks' set `true' on input line 212.
Package csquotes Info: Checking for multilingual support...
Package csquotes Info: ... found 'babel' package.
Package csquotes Info: Adjusting default style.
Package csquotes Info: Redefining alias 'default' -> 'italian'.
No file Graphs/output-figure19.aux.
LaTeX Font Info:    Checking defaults for OML/cmm/m/it on input line 214.
LaTeX Font Info:    ... okay on input line 214.
LaTeX Font Info:    Checking defaults for OMS/cmsy/m/n on input line 214.
LaTeX Font Info:    ... okay on input line 214.
LaTeX Font Info:    Checking defaults for OT1/cmr/m/n on input line 214.
LaTeX Font Info:    ... okay on input line 214.
LaTeX Font Info:    Checking defaults for T1/cmr/m/n on input line 214.
LaTeX Font Info:    ... okay on input line 214.
LaTeX Font Info:    Checking defaults for TS1/cmr/m/n on input line 214.
LaTeX Font Info:    ... okay on input line 214.
LaTeX Font Info:    Checking defaults for OMX/cmex/m/n on input line 214.
LaTeX Font Info:    ... okay on input line 214.
LaTeX Font Info:    Checking defaults for U/cmr/m/n on input line 214.
LaTeX Font Info:    ... okay on input line 214.
LaTeX Font Info:    Checking defaults for PD1/pdf/m/n on input line 214.
LaTeX Font Info:    ... okay on input line 214.
LaTeX Font Info:    Checking defaults for PU/pdf/m/n on input line 214.
LaTeX Font Info:    ... okay on input line 214.
LaTeX Info: Redefining \it@ocap on input line 214.
LaTeX Info: Redefining \it@ccap on input line 214.

(C:\Users\angel\AppData\Local\Programs\MiKTeX\tex/context/base/mkii\supp-pdf.mk
ii
[Loading MPS to PDF converter (version 2006.09.02).]
\scratchcounter=\count512
\scratchdimen=\dimen327
\scratchbox=\box108
\nofMPsegments=\count513
\nofMParguments=\count514
\everyMPshowfont=\toks63
\MPscratchCnt=\count515
\MPscratchDim=\dimen328
\MPnumerator=\count516
\makeMPintoPDFobject=\count517
\everyMPtoPDFconversion=\toks64
)
(C:\Users\angel\AppData\Local\Programs\MiKTeX\tex/latex/epstopdf-pkg\epstopdf-b
ase.sty
Package: epstopdf-base 2020-01-24 v2.11 Base part for package epstopdf
Package epstopdf-base Info: Redefining graphics rule for `.eps' on input line 4
85.

(C:\Users\angel\AppData\Local\Programs\MiKTeX\tex/latex/00miktex\epstopdf-sys.c
fg
File: epstopdf-sys.cfg 2021/03/18 v2.0 Configuration of epstopdf for MiKTeX
))
*geometry* detected driver: <none>
*geometry* verbose mode - [ preamble ] result:
* driver: \Gm@driver 
* paper: a4paper
* layout: <same size as paper>
* layoutoffset:(h,v)=(0.0pt,0.0pt)
* modes: twoside 
* h-part:(L,W,R)=(86.72377pt, 424.06033pt, 86.72377pt)
* v-part:(T,H,B)=(101.40665pt, 591.5302pt, 152.11pt)
* \paperwidth=597.50787pt
* \paperheight=845.04684pt
* \textwidth=424.06033pt
* \textheight=591.5302pt
* \oddsidemargin=14.45378pt
* \evensidemargin=14.45378pt
* \topmargin=-9.86334pt
* \headheight=14.0pt
* \headsep=25.0pt
* \topskip=11.0pt
* \footskip=30.0pt
* \marginparwidth=103.0pt
* \marginparsep=10.0pt
* \columnsep=10.0pt
* \skip\footins=10.0pt plus 4.0pt minus 2.0pt
* \hoffset=0.0pt
* \voffset=0.0pt
* \mag=1000
* \@twocolumnfalse
* \@twosidetrue
* \@mparswitchtrue
* \@reversemarginfalse
* (1in=72.27pt=25.4mm, 1cm=28.453pt)

Package pgfplots notification 'compat/show suggested version=true': document ha
s been generated with the most recent feature set (\pgfplotsset{compat=1.18}).

Package biblatex Info: Trying to load language 'italian'...
Package biblatex Info: ... file 'italian.lbx' found.

(C:\Users\angel\AppData\Local\Programs\MiKTeX\tex/latex/biblatex/lbx\italian.lb
x
File: italian.lbx 2023/03/05 v3.19 biblatex localization (PK/MW)
)
Package biblatex Info: Input encoding 'utf8' detected.
Package biblatex Info: Automatic encoding selection.
(biblatex)             Assuming data encoding 'utf8'.
Package biblatex Info: Trying to load bibliographic data...
Package biblatex Info: ... file 'Graphs/output-figure19.bbl' not found.
No file Graphs/output-figure19.bbl.
Package biblatex Info: Reference section=0 on input line 214.
Package biblatex Info: Reference segment=0 on input line 214.
\providecommand\hyper@newdestlabel[2]{}
Package hyperref Info: Link coloring OFF on input line 214.
No file Graphs/output-figure19.toc.
(Lessons/Lesson_1.tex
LaTeX Font Info:    Trying to load font information for U+msa on input line 5.
(C:\Users\angel\AppData\Local\Programs\MiKTeX\tex/latex/amsfonts\umsa.fd
File: umsa.fd 2013/01/14 v3.01 AMS symbols A
)
LaTeX Font Info:    Trying to load font information for U+msb on input line 5.
(C:\Users\angel\AppData\Local\Programs\MiKTeX\tex/latex/amsfonts\umsb.fd
File: umsb.fd 2013/01/14 v3.01 AMS symbols B
)
LaTeX Font Info:    Trying to load font information for U+rsfs on input line 5.

(C:\Users\angel\AppData\Local\Programs\MiKTeX\tex/latex/jknappen\ursfs.fd
File: ursfs.fd 1998/03/24 rsfs font definition file (jk)
)
Overfull \hbox (2.68375pt too wide) in paragraph at lines 31--32
\OMS/cmsy/m/n/10.95 f\OML/cmm/m/it/10.95 a[]; [] ; a[]\OMS/cmsy/m/n/10.95 g$ \T
1/cmr/m/n/10.95 e $\OML/cmm/m/it/10.95 Q\OT1/cmr/m/n/10.95 (\OML/cmm/m/it/10.95
 x\OT1/cmr/m/n/10.95 )$ \T1/cmr/m/n/10.95 un po-li-no-mio di gra-do $\OML/cmm/m
/it/10.95 m$ \T1/cmr/m/n/10.95 i cui coef-fi-cen-ti so-no $\OMS/cmsy/m/n/10.95 
f\OML/cmm/m/it/10.95 b[]\OMS/cmsy/m/n/10.95 g[] \OT1/cmr/m/n/10.95 = \OMS/cmsy/
m/n/10.95 f\OML/cmm/m/it/10.95 b[]; [] ; b[]\OMS/cmsy/m/n/10.95 g$\T1/cmr/m/n/1
0.95 .
 []


LaTeX Warning: Reference `th:1.1' on page 4 undefined on input line 149.


LaTeX Warning: Reference `def:1.5' on page 4 undefined on input line 162.


LaTeX Warning: Reference `th:1.1' on page 4 undefined on input line 171.


LaTeX Warning: Reference `def:1.5' on page 5 undefined on input line 183.


LaTeX Warning: Reference `def:1.6' on page 5 undefined on input line 197.


LaTeX Warning: Reference `prop:1.1' on page 5 undefined on input line 197.


LaTeX Warning: Reference `th:1.2' on page 7 undefined on input line 258.


LaTeX Warning: Reference `prop:1.2' on page 7 undefined on input line 274.


LaTeX Warning: Reference `th:1.2' on page 8 undefined on input line 305.


LaTeX Warning: Reference `th:1.2' on page 9 undefined on input line 354.


LaTeX Warning: Reference `eq:1.1' on page 9 undefined on input line 365.


Underfull \hbox (badness 10000) in paragraph at lines 368--370

 []

A tikzpicture has been optimized away. Use '/tikz/external/optimize=false' to d
isable this.

LaTeX Warning: Reference `eq:1.1' on page 10 undefined on input line 384.

) (Lessons/Lesson_2.tex

LaTeX Warning: Reference `def:2.1' on page 11 undefined on input line 48.


LaTeX Warning: Reference `th:2.1' on page 11 undefined on input line 48.


LaTeX Warning: Reference `def:2.2' on page 11 undefined on input line 49.


LaTeX Warning: Reference `def:2.2' on page 11 undefined on input line 51.


LaTeX Warning: Reference `th:2.1' on page 13 undefined on input line 137.


LaTeX Warning: Reference `cor:2.1' on page 13 undefined on input line 137.


LaTeX Warning: Reference `th:2.1' on page 15 undefined on input line 191.


LaTeX Warning: Reference `cor:2.1' on page 15 undefined on input line 191.


LaTeX Warning: Reference `ex:2.1' on page 15 undefined on input line 192.

A tikzpicture has been optimized away. Use '/tikz/external/optimize=false' to d
isable this.
LaTeX Font Info:    Trying to load font information for T1+cmtt on input line 2
49.
(C:\Users\angel\AppData\Local\Programs\MiKTeX\tex/latex/base\t1cmtt.fd
File: t1cmtt.fd 2023/04/13 v2.5m Standard LaTeX font definitions
)

LaTeX Warning: Reference `eq:2.1' on page 17 undefined on input line 287.

A tikzpicture has been optimized away. Use '/tikz/external/optimize=false' to d
isable this.

LaTeX Warning: Reference `eq:2.1' on page 17 undefined on input line 304.


LaTeX Warning: Reference `eq:2.2' on page 18 undefined on input line 327.


LaTeX Warning: Reference `eq:2.3' on page 18 undefined on input line 343.

A tikzpicture has been optimized away. Use '/tikz/external/optimize=false' to d
isable this.

LaTeX Warning: Reference `eq:2.3' on page 18 undefined on input line 366.


LaTeX Warning: Reference `eq:2.4' on page 19 undefined on input line 377.


LaTeX Warning: Reference `eq:2.5' on page 19 undefined on input line 381.

) (Lessons/Lesson_3.tex

LaTeX Warning: Reference `def:3.2' on page 20 undefined on input line 43.

A tikzpicture has been optimized away. Use '/tikz/external/optimize=false' to d
isable this.
A tikzpicture has been optimized away. Use '/tikz/external/optimize=false' to d
isable this.

LaTeX Warning: Reference `eq:3.2' on page 21 undefined on input line 106.


LaTeX Warning: Reference `eq:3.2' on page 21 undefined on input line 113.


LaTeX Warning: Reference `eq:3.1' on page 22 undefined on input line 123.


LaTeX Warning: Reference `th:3.2' on page 22 undefined on input line 134.


LaTeX Warning: Reference `eq:3.2' on page 22 undefined on input line 139.


LaTeX Warning: Reference `eq:3.4' on page 23 undefined on input line 214.


LaTeX Warning: Reference `prop:1.1' on page 24 undefined on input line 257.


LaTeX Warning: Reference `def:1.5' on page 24 undefined on input line 257.


LaTeX Warning: Reference `th:1.2' on page 25 undefined on input line 274.


LaTeX Warning: Reference `eq:3.7' on page 26 undefined on input line 312.


LaTeX Warning: Reference `eq:3.8' on page 26 undefined on input line 337.


LaTeX Warning: Reference `eq:3.9' on page 26 undefined on input line 341.


LaTeX Warning: Reference `eq:3.10' on page 27 undefined on input line 360.


LaTeX Warning: Reference `eq:3.11' on page 27 undefined on input line 364.


LaTeX Warning: Reference `def:3.1' on page 27 undefined on input line 390.


LaTeX Warning: Reference `eq:3.12' on page 27 undefined on input line 406.


LaTeX Warning: Reference `eq:3.13' on page 27 undefined on input line 414.

A tikzpicture has been optimized away. Use '/tikz/external/optimize=false' to d
isable this.
A tikzpicture has been optimized away. Use '/tikz/external/optimize=false' to d
isable this.
A tikzpicture has been optimized away. Use '/tikz/external/optimize=false' to d
isable this.
A tikzpicture has been optimized away. Use '/tikz/external/optimize=false' to d
isable this.
A tikzpicture has been optimized away. Use '/tikz/external/optimize=false' to d
isable this.

LaTeX Warning: Reference `def:1.5' on page 30 undefined on input line 706.

) (Lessons/Lesson_4.tex

LaTeX Warning: Reference `def:4.2' on page 31 undefined on input line 45.


LaTeX Warning: Reference `th:4.1' on page 32 undefined on input line 75.


LaTeX Warning: Reference `eq:4.3' on page 32 undefined on input line 103.


LaTeX Warning: Reference `th:4.2' on page 32 undefined on input line 103.


LaTeX Warning: Reference `th:4.1' on page 32 undefined on input line 104.


LaTeX Warning: Reference `th:4.2' on page 33 undefined on input line 124.


LaTeX Warning: Reference `th:4.2' on page 34 undefined on input line 155.


LaTeX Warning: Reference `th:4.4' on page 34 undefined on input line 189.


LaTeX Warning: Reference `th:4.3' on page 34 undefined on input line 189.


LaTeX Warning: Reference `ex:4.3' on page 35 undefined on input line 200.


LaTeX Warning: Reference `def:4.2' on page 35 undefined on input line 227.


LaTeX Warning: Reference `th:4.4' on page 35 undefined on input line 227.


LaTeX Warning: Reference `th:4.3' on page 35 undefined on input line 231.


LaTeX Warning: Reference `def:4.2' on page 35 undefined on input line 246.


LaTeX Warning: Reference `th:4.6' on page 36 undefined on input line 260.


LaTeX Warning: Reference `th:4.6' on page 36 undefined on input line 263.


LaTeX Warning: Reference `th:4.6' on page 36 undefined on input line 278.


LaTeX Warning: Reference `th:4.4' on page 37 undefined on input line 295.


LaTeX Warning: Reference `th:4.1' on page 37 undefined on input line 299.


LaTeX Warning: Reference `def:4.2' on page 38 undefined on input line 354.


LaTeX Warning: Reference `th:4.2' on page 39 undefined on input line 385.


LaTeX Warning: Reference `th:4.4' on page 40 undefined on input line 424.


LaTeX Warning: Reference `th:4.5' on page 40 undefined on input line 430.

A tikzpicture has been optimized away. Use '/tikz/external/optimize=false' to d
isable this.
A tikzpicture has been optimized away. Use '/tikz/external/optimize=false' to d
isable this.
A tikzpicture has been optimized away. Use '/tikz/external/optimize=false' to d
isable this.
) (Lessons/Lesson_5.tex
Underfull \hbox (badness 10000) in paragraph at lines 29--31

 []


LaTeX Warning: Reference `th:5.1' on page 43 undefined on input line 49.


LaTeX Warning: Reference `th:5.1' on page 44 undefined on input line 66.


LaTeX Warning: Reference `th:5.1' on page 44 undefined on input line 94.


LaTeX Warning: Reference `th:4.2' on page 44 undefined on input line 94.


LaTeX Warning: Reference `th:4.3' on page 44 undefined on input line 94.


LaTeX Warning: Reference `th:4.4' on page 44 undefined on input line 94.


LaTeX Warning: Reference `eq:5.1' on page 45 undefined on input line 103.


LaTeX Warning: Reference `eq:5.2' on page 45 undefined on input line 103.


Overfull \hbox (17.71176pt too wide) detected at line 110
[] \OT1/cmr/m/n/10.95 + [] = [] + []
 []


LaTeX Warning: Reference `eq:5.3' on page 45 undefined on input line 127.


LaTeX Warning: Reference `eq:5.1' on page 45 undefined on input line 131.


LaTeX Warning: Reference `eq:5.2' on page 45 undefined on input line 134.


LaTeX Warning: Reference `eq:5.4' on page 45 undefined on input line 137.


Overfull \hbox (1.89412pt too wide) detected at line 145
[]
 []


Overfull \hbox (25.74338pt too wide) detected at line 145
[]
 []


LaTeX Warning: Reference `th:4.3' on page 46 undefined on input line 146.


LaTeX Warning: Reference `th:4.3' on page 46 undefined on input line 150.


LaTeX Warning: Reference `th:4.2' on page 46 undefined on input line 150.

A tikzpicture has been optimized away. Use '/tikz/external/optimize=false' to d
isable this.

LaTeX Warning: Reference `th:4.5' on page 49 undefined on input line 277.


LaTeX Warning: Reference `def:5.2' on page 49 undefined on input line 281.


LaTeX Warning: Reference `th:5.2' on page 49 undefined on input line 285.


LaTeX Warning: Reference `th:5.1' on page 49 undefined on input line 305.


LaTeX Warning: Reference `th:5.1' on page 49 undefined on input line 309.


LaTeX Warning: Reference `def:4.2' on page 49 undefined on input line 309.


LaTeX Warning: Reference `eq:5.6' on page 50 undefined on input line 331.


LaTeX Warning: Reference `eq:5.7' on page 50 undefined on input line 331.


LaTeX Warning: Reference `def:5.3' on page 50 undefined on input line 354.


LaTeX Warning: Reference `th:5.2' on page 50 undefined on input line 354.


LaTeX Warning: Reference `th:4.3' on page 50 undefined on input line 360.


LaTeX Warning: Reference `eq:5.8' on page 50 undefined on input line 362.


LaTeX Warning: Reference `eq:5.9' on page 51 undefined on input line 370.


LaTeX Warning: Reference `eq:5.11' on page 51 undefined on input line 412.


LaTeX Warning: Reference `eq:5.10' on page 51 undefined on input line 412.


LaTeX Warning: Reference `eq:5.11' on page 51 undefined on input line 412.


LaTeX Warning: Reference `eq:5.10' on page 51 undefined on input line 412.


LaTeX Warning: Reference `eq:5.12' on page 52 undefined on input line 424.


LaTeX Warning: Reference `def:5.4' on page 52 undefined on input line 438.


Overfull \hbox (8.60234pt too wide) detected at line 464
   []  []  []  []
 []


LaTeX Warning: Reference `eq:5.13' on page 53 undefined on input line 478.


LaTeX Warning: Reference `eq:5.12' on page 53 undefined on input line 478.


LaTeX Warning: Reference `eq:5.13' on page 53 undefined on input line 478.


LaTeX Warning: Reference `eq:5.12' on page 53 undefined on input line 478.


LaTeX Warning: Reference `eq:5.16' on page 53 undefined on input line 493.


LaTeX Warning: Reference `eq:5.12' on page 53 undefined on input line 493.


LaTeX Warning: Reference `eq:5.14' on page 53 undefined on input line 493.


LaTeX Warning: Reference `eq:5.15' on page 53 undefined on input line 493.


LaTeX Warning: Reference `eq:5.16' on page 53 undefined on input line 493.


LaTeX Warning: Reference `eq:5.12' on page 53 undefined on input line 493.


LaTeX Warning: Reference `eq:5.14' on page 53 undefined on input line 493.


LaTeX Warning: Reference `eq:5.15' on page 53 undefined on input line 493.


Underfull \vbox (badness 1755) has occurred while \output is active []


LaTeX Warning: Reference `th:4.2' on page 54 undefined on input line 500.


LaTeX Warning: Reference `th:4.3' on page 54 undefined on input line 500.


LaTeX Warning: Reference `th:4.4' on page 54 undefined on input line 500.

) (Lessons/Lesson_6.tex

LaTeX Warning: Reference `th:4.6' on page 55 undefined on input line 27.


LaTeX Warning: Reference `eq:6.1' on page 55 undefined on input line 27.


LaTeX Warning: Reference `def:5.4' on page 55 undefined on input line 31.


LaTeX Warning: Reference `eq:6.1' on page 56 undefined on input line 58.


LaTeX Warning: Reference `eq:6.1' on page 56 undefined on input line 62.


LaTeX Warning: Reference `th:4.6' on page 56 undefined on input line 75.


LaTeX Warning: Reference `def:6.2' on page 56 undefined on input line 79.


LaTeX Warning: Reference `th:6.2' on page 57 undefined on input line 111.


LaTeX Warning: Reference `eq:6.3' on page 57 undefined on input line 116.


LaTeX Warning: Reference `eq:6.4' on page 57 undefined on input line 116.


LaTeX Warning: Reference `eq:6.3' on page 57 undefined on input line 116.


LaTeX Warning: Reference `eq:6.4' on page 57 undefined on input line 116.


LaTeX Warning: Reference `eq:6.1' on page 57 undefined on input line 118.


LaTeX Warning: Reference `th:4.5' on page 57 undefined on input line 126.


LaTeX Warning: Reference `th:4.6' on page 57 undefined on input line 126.


LaTeX Warning: Reference `th:5.1' on page 58 undefined on input line 149.

A tikzpicture has been optimized away. Use '/tikz/external/optimize=false' to d
isable this.
A tikzpicture has been optimized away. Use '/tikz/external/optimize=false' to d
isable this.

LaTeX Warning: Reference `def:6.1' on page 58 undefined on input line 199.


LaTeX Warning: Reference `eq:6.1' on page 58 undefined on input line 199.


LaTeX Warning: Reference `eq:6.4' on page 59 undefined on input line 217.


LaTeX Warning: Reference `eq:6.4' on page 59 undefined on input line 217.

A tikzpicture has been optimized away. Use '/tikz/external/optimize=false' to d
isable this.

LaTeX Warning: Reference `th:5.3' on page 60 undefined on input line 241.


LaTeX Warning: Reference `eq:6.4' on page 60 undefined on input line 248.


Overfull \hbox (8.30885pt too wide) in paragraph at lines 251--253
\T1/cmr/m/n/10.95 Notiamo che se $\OML/cmm/m/it/10.95 f[]\OT1/cmr/m/n/10.95 (\O
ML/cmm/m/it/10.95 x\OT1/cmr/m/n/10.95 ) = 0$ \T1/cmr/m/n/10.95 non pos-sia-mo u
sa-re que-sto me-to-do per cal-co-la-re $\OT1/cmr/m/n/10.95 (\OML/cmm/m/it/10.9
5 f[]\OT1/cmr/m/n/10.95 )[](\OML/cmm/m/it/10.95 f\OT1/cmr/m/n/10.95 (\OML/cmm/m
/it/10.95 x\OT1/cmr/m/n/10.95 ))$\T1/cmr/m/n/10.95 ;
 []


LaTeX Warning: Reference `th:5.2' on page 62 undefined on input line 333.


LaTeX Warning: Reference `th:6.3' on page 62 undefined on input line 352.


LaTeX Warning: Citation 'rudin1976principles' on page 62 undefined on input lin
e 352.


LaTeX Warning: Reference `th:6.3' on page 63 undefined on input line 366.


LaTeX Warning: Reference `th:5.2' on page 63 undefined on input line 366.


LaTeX Warning: Reference `def:6.1' on page 63 undefined on input line 381.


LaTeX Warning: Reference `eq:6.1' on page 63 undefined on input line 381.


LaTeX Warning: Reference `th:5.2' on page 63 undefined on input line 381.


LaTeX Warning: Reference `eq:6.5' on page 63 undefined on input line 387.


LaTeX Warning: Reference `eq:5.13' on page 63 undefined on input line 393.


LaTeX Warning: Reference `eq:5.13' on page 63 undefined on input line 393.


LaTeX Warning: Reference `eq:6.6' on page 63 undefined on input line 395.


LaTeX Warning: Reference `eq:5.15' on page 63 undefined on input line 401.


LaTeX Warning: Reference `eq:5.14' on page 63 undefined on input line 401.


LaTeX Warning: Reference `eq:5.15' on page 63 undefined on input line 401.


LaTeX Warning: Reference `eq:5.14' on page 63 undefined on input line 401.


Overfull \hbox (3.0469pt too wide) detected at line 402
[]
 []


Overfull \hbox (25.74338pt too wide) detected at line 402
[]
 []


LaTeX Warning: Reference `th:4.4' on page 64 undefined on input line 403.


LaTeX Warning: Reference `def:5.4' on page 64 undefined on input line 403.


LaTeX Warning: Reference `th:6.4' on page 65 undefined on input line 496.


LaTeX Warning: Reference `th:6.4' on page 66 undefined on input line 518.


LaTeX Warning: Reference `eq:6.7' on page 68 undefined on input line 598.


LaTeX Warning: Reference `ex:6.4' on page 69 undefined on input line 653.

) (Lessons/Lesson_7.tex

LaTeX Warning: Reference `th:7.1' on page 72 undefined on input line 43.


LaTeX Warning: Reference `th:7.2' on page 73 undefined on input line 71.


LaTeX Warning: Reference `th:4.2' on page 74 undefined on input line 107.


LaTeX Warning: Reference `th:4.2' on page 74 undefined on input line 110.


LaTeX Warning: Reference `cor:7.1' on page 74 undefined on input line 119.


LaTeX Warning: Reference `eq:7.1' on page 75 undefined on input line 147.


LaTeX Warning: Reference `th:6.3' on page 75 undefined on input line 147.


LaTeX Warning: Reference `eq:7.1' on page 75 undefined on input line 147.


LaTeX Warning: Reference `th:7.1' on page 75 undefined on input line 147.


LaTeX Warning: Reference `th:7.2' on page 75 undefined on input line 152.


LaTeX Warning: Reference `eq:7.1' on page 75 undefined on input line 154.


LaTeX Warning: Reference `eq:7.1' on page 75 undefined on input line 156.


LaTeX Warning: Reference `th:5.3' on page 75 undefined on input line 175.


LaTeX Warning: Reference `th:7.2' on page 75 undefined on input line 176.


LaTeX Warning: Reference `def:7.2' on page 76 undefined on input line 201.


LaTeX Warning: Reference `def:7.2' on page 76 undefined on input line 220.


LaTeX Warning: Reference `th:4.5' on page 77 undefined on input line 222.


LaTeX Warning: Reference `th:6.2' on page 77 undefined on input line 241.


LaTeX Warning: Reference `th:7.4' on page 77 undefined on input line 248.


LaTeX Warning: Reference `th:4.6' on page 77 undefined on input line 264.


LaTeX Warning: Reference `th:4.5' on page 77 undefined on input line 264.


LaTeX Warning: Reference `def:5.1' on page 78 undefined on input line 274.


LaTeX Warning: Reference `eq:7.2' on page 78 undefined on input line 274.


LaTeX Warning: Reference `eq:7.3' on page 78 undefined on input line 278.


LaTeX Warning: Reference `th:7.4' on page 78 undefined on input line 302.


LaTeX Warning: Reference `ex:7.3' on page 79 undefined on input line 320.


LaTeX Warning: Reference `th:4.6' on page 79 undefined on input line 328.


LaTeX Warning: Reference `th:4.5' on page 79 undefined on input line 328.


LaTeX Warning: Reference `th:7.4' on page 79 undefined on input line 351.

A tikzpicture has been optimized away. Use '/tikz/external/optimize=false' to d
isable this.

LaTeX Warning: Reference `th:7.1' on page 80 undefined on input line 400.

\openout4 = `Graphs/output-figure19.dpth'.

PGFPlots: reading {Data/datafile_lin_reg.txt}
\tikzexternal@dep@file=\write6
\openout6 = `Graphs/output-figure19.dep'.

[81

{C:/Users/angel/AppData/Local/MiKTeX/fonts/map/pdftex/pdftex.map}]) (Lessons/Le
sson_8.tex
A tikzpicture has been optimized away. Use '/tikz/external/optimize=false' to d
isable this.
A tikzpicture has been optimized away. Use '/tikz/external/optimize=false' to d
isable this.

LaTeX Warning: Reference `eq:8.4' on page 82 undefined on input line 86.


LaTeX Warning: Reference `th:2.1' on page 82 undefined on input line 86.


LaTeX Warning: Reference `cor:2.1' on page 82 undefined on input line 86.

Missing character: There is no 2 in font rsfs10!
Missing character: There is no 2 in font rsfs10!

LaTeX Warning: Reference `def:2.2' on page 84 undefined on input line 158.

Missing character: There is no 1 in font rsfs10!

LaTeX Warning: Reference `def:8.2' on page 84 undefined on input line 168.


LaTeX Warning: Reference `def:8.2' on page 85 undefined on input line 190.


LaTeX Warning: Reference `th:8.1' on page 86 undefined on input line 249.


LaTeX Warning: Reference `cor:8.1' on page 87 undefined on input line 286.


LaTeX Warning: Reference `cor:8.2' on page 87 undefined on input line 292.


LaTeX Warning: Reference `cor:8.1' on page 87 undefined on input line 304.


LaTeX Warning: Reference `cor:8.1' on page 87 undefined on input line 309.


LaTeX Warning: Reference `def:6.1' on page 88 undefined on input line 331.


LaTeX Warning: Reference `eq:8.6' on page 88 undefined on input line 340.


LaTeX Warning: Reference `eq:8.6' on page 88 undefined on input line 340.


LaTeX Warning: Reference `eq:8.6' on page 88 undefined on input line 352.


LaTeX Warning: Reference `th:8.1' on page 88 undefined on input line 362.


LaTeX Warning: Reference `th:7.2' on page 88 undefined on input line 366.


LaTeX Warning: Reference `th:8.3' on page 89 undefined on input line 404.


LaTeX Warning: Reference `th:8.2' on page 89 undefined on input line 404.


LaTeX Warning: Reference `th:8.3' on page 89 undefined on input line 405.


LaTeX Warning: Reference `eq:6.4' on page 90 undefined on input line 424.


LaTeX Warning: Reference `th:8.4' on page 91 undefined on input line 461.


LaTeX Warning: Reference `th:8.4' on page 92 undefined on input line 511.


LaTeX Warning: Reference `th:8.4' on page 92 undefined on input line 519.


LaTeX Warning: Reference `ex:8.2' on page 92 undefined on input line 519.


LaTeX Warning: Reference `th:8.4' on page 92 undefined on input line 523.


LaTeX Warning: Reference `th:8.5' on page 93 undefined on input line 579.


LaTeX Warning: Reference `eq:6.3' on page 94 undefined on input line 588.


LaTeX Warning: Reference `ex:8.5' on page 95 undefined on input line 643.


LaTeX Warning: Reference `th:8.4' on page 95 undefined on input line 659.


LaTeX Warning: Reference `th:8.4' on page 95 undefined on input line 659.


LaTeX Warning: Reference `th:8.4' on page 95 undefined on input line 659.


LaTeX Warning: Reference `th:8.4' on page 95 undefined on input line 659.


LaTeX Warning: Reference `th:8.4' on page 95 undefined on input line 675.


LaTeX Warning: Reference `th:8.4' on page 95 undefined on input line 682.


LaTeX Warning: Reference `th:8.4' on page 95 undefined on input line 682.

A tikzpicture has been optimized away. Use '/tikz/external/optimize=false' to d
isable this.

LaTeX Warning: Reference `th:8.3' on page 97 undefined on input line 736.


Overfull \hbox (11.09872pt too wide) detected at line 757
[]
 []


LaTeX Warning: Reference `th:6.4' on page 97 undefined on input line 762.

A tikzpicture has been optimized away. Use '/tikz/external/optimize=false' to d
isable this.

LaTeX Warning: Reference `th:8.4' on page 98 undefined on input line 822.


LaTeX Warning: Reference `cor:8.1' on page 98 undefined on input line 839.


LaTeX Warning: Reference `th:8.4' on page 98 undefined on input line 843.


LaTeX Warning: Reference `prop:8.1' on page 99 undefined on input line 861.

) (Lessons/Lesson_9.tex

LaTeX Warning: Reference `cor:8.1' on page 100 undefined on input line 19.


LaTeX Warning: Reference `th:8.4' on page 100 undefined on input line 29.


Overfull \hbox (12.22566pt too wide) detected at line 35
[]
 []


Overfull \hbox (25.74338pt too wide) detected at line 35
[]
 []


LaTeX Warning: Reference `th:8.2' on page 100 undefined on input line 37.

A tikzpicture has been optimized away. Use '/tikz/external/optimize=false' to d
isable this.

LaTeX Warning: Reference `eq:9.2' on page 101 undefined on input line 71.


LaTeX Warning: Reference `th:8.4' on page 101 undefined on input line 76.


LaTeX Warning: Reference `th:8.4' on page 101 undefined on input line 76.


LaTeX Warning: Reference `th:6.4' on page 102 undefined on input line 98.


LaTeX Warning: Reference `ex:9.1' on page 102 undefined on input line 128.


LaTeX Warning: Reference `eq:6.4' on page 102 undefined on input line 128.

A tikzpicture has been optimized away. Use '/tikz/external/optimize=false' to d
isable this.
A tikzpicture has been optimized away. Use '/tikz/external/optimize=false' to d
isable this.
A tikzpicture has been optimized away. Use '/tikz/external/optimize=false' to d
isable this.

LaTeX Warning: Reference `th:6.4' on page 103 undefined on input line 181.


LaTeX Warning: Reference `eq:5.12' on page 103 undefined on input line 186.


LaTeX Warning: Reference `eq:5.12' on page 103 undefined on input line 186.


LaTeX Warning: Reference `ex:9.2' on page 104 undefined on input line 202.


LaTeX Warning: Reference `th:8.2' on page 104 undefined on input line 213.


LaTeX Warning: Reference `eq:6.4' on page 104 undefined on input line 215.


LaTeX Warning: Reference `eq:6.7' on page 104 undefined on input line 217.


LaTeX Warning: Reference `cor:8.2' on page 105 undefined on input line 259.


LaTeX Warning: Reference `th:8.4' on page 105 undefined on input line 265.


LaTeX Warning: Reference `ex:9.5' on page 106 undefined on input line 285.


LaTeX Warning: Reference `ex:9.5' on page 106 undefined on input line 285.


LaTeX Warning: Reference `th:4.7' on page 106 undefined on input line 301.


LaTeX Warning: Reference `th:8.4' on page 106 undefined on input line 310.


LaTeX Warning: Reference `th:8.4' on page 106 undefined on input line 310.


LaTeX Warning: Reference `th:8.4' on page 106 undefined on input line 319.


LaTeX Warning: Reference `th:8.4' on page 106 undefined on input line 319.


LaTeX Warning: Reference `ex:9.4' on page 107 undefined on input line 346.


LaTeX Warning: Reference `ex:9.5' on page 107 undefined on input line 346.


LaTeX Warning: Reference `th:8.4' on page 107 undefined on input line 358.


LaTeX Warning: Reference `th:8.5' on page 107 undefined on input line 358.


LaTeX Warning: Reference `th:8.5' on page 107 undefined on input line 358.


LaTeX Warning: Reference `th:8.4' on page 107 undefined on input line 358.


LaTeX Warning: Reference `th:8.5' on page 107 undefined on input line 358.


LaTeX Warning: Reference `th:8.5' on page 107 undefined on input line 358.


Overfull \hbox (1.74657pt too wide) detected at line 366
[]
 []


Overfull \hbox (25.74338pt too wide) detected at line 366
[]
 []


LaTeX Warning: Reference `cor:8.2' on page 108 undefined on input line 367.

) (Lessons/Lesson_10.tex

LaTeX Warning: Reference `cor:8.2' on page 110 undefined on input line 27.


LaTeX Warning: Reference `th:5.1' on page 110 undefined on input line 50.


LaTeX Warning: Reference `th:5.1' on page 111 undefined on input line 58.

A tikzpicture has been optimized away. Use '/tikz/external/optimize=false' to d
isable this.

LaTeX Warning: Reference `def:10.2' on page 111 undefined on input line 120.


LaTeX Warning: Reference `th:10.1' on page 112 undefined on input line 135.


LaTeX Warning: Reference `th:10.2' on page 112 undefined on input line 135.


LaTeX Warning: Reference `def:10.2' on page 112 undefined on input line 136.


LaTeX Warning: Reference `th:8.4' on page 112 undefined on input line 142.


LaTeX Warning: Reference `th:8.4' on page 112 undefined on input line 142.


LaTeX Warning: Reference `th:6.5' on page 112 undefined on input line 144.


LaTeX Warning: Reference `th:10.2' on page 112 undefined on input line 144.


LaTeX Warning: Reference `th:10.2' on page 112 undefined on input line 159.


LaTeX Warning: Reference `cor:8.1' on page 113 undefined on input line 182.


LaTeX Warning: Reference `th:4.2' on page 113 undefined on input line 182.


LaTeX Warning: Reference `th:4.2' on page 113 undefined on input line 186.


LaTeX Warning: Reference `eq:10.1' on page 113 undefined on input line 194.


LaTeX Warning: Reference `ex:10.1' on page 113 undefined on input line 194.


LaTeX Warning: Reference `th:10.2' on page 113 undefined on input line 206.


LaTeX Warning: Reference `eq:10.2' on page 114 undefined on input line 211.


LaTeX Warning: Reference `th:10.2' on page 114 undefined on input line 227.


LaTeX Warning: Reference `th:8.4' on page 114 undefined on input line 233.


LaTeX Warning: Reference `eq:10.1' on page 114 undefined on input line 237.


LaTeX Warning: Reference `eq:10.2' on page 114 undefined on input line 237.


LaTeX Warning: Reference `def:10.1' on page 115 undefined on input line 251.


LaTeX Warning: Reference `th:8.4' on page 115 undefined on input line 257.


LaTeX Warning: Reference `ex:10.2' on page 115 undefined on input line 287.


LaTeX Warning: Reference `eq:10.3' on page 115 undefined on input line 297.


LaTeX Warning: Reference `eq:10.6' on page 115 undefined on input line 297.


LaTeX Warning: Reference `th:8.4' on page 116 undefined on input line 306.


LaTeX Warning: Reference `th:8.4' on page 116 undefined on input line 306.


LaTeX Warning: Reference `eq:10.6' on page 116 undefined on input line 308.


LaTeX Warning: Reference `eq:10.3' on page 116 undefined on input line 308.


LaTeX Warning: Reference `eq:10.6' on page 116 undefined on input line 308.


LaTeX Warning: Reference `eq:10.4' on page 116 undefined on input line 308.


LaTeX Warning: Reference `eq:10.5' on page 116 undefined on input line 308.


LaTeX Warning: Reference `eq:10.5' on page 116 undefined on input line 309.


LaTeX Warning: Reference `eq:10.6' on page 116 undefined on input line 309.


LaTeX Warning: Reference `eq:10.5' on page 116 undefined on input line 315.


LaTeX Warning: Reference `eq:10.6' on page 116 undefined on input line 315.


LaTeX Warning: Reference `eq:10.5' on page 116 undefined on input line 317.


LaTeX Warning: Reference `ex:10.1' on page 116 undefined on input line 321.


LaTeX Warning: Reference `ex:10.2' on page 116 undefined on input line 321.


LaTeX Warning: Reference `th:10.2' on page 116 undefined on input line 321.


LaTeX Warning: Reference `th:10.2' on page 116 undefined on input line 337.


LaTeX Warning: Reference `eq:10.5' on page 116 undefined on input line 337.


LaTeX Warning: Reference `eq:10.6' on page 116 undefined on input line 338.


LaTeX Warning: Reference `th:10.2' on page 117 undefined on input line 366.


LaTeX Warning: Reference `eq:10.6' on page 117 undefined on input line 370.


LaTeX Warning: Reference `ex:10.4' on page 118 undefined on input line 383.


LaTeX Warning: Reference `eq:10.7' on page 118 undefined on input line 394.


LaTeX Warning: Reference `th:10.2' on page 118 undefined on input line 398.


LaTeX Warning: Reference `th:10.2' on page 118 undefined on input line 417.


LaTeX Warning: Reference `ex:10.2' on page 119 undefined on input line 421.


LaTeX Warning: Reference `eq:10.7' on page 119 undefined on input line 421.


LaTeX Warning: Reference `eq:10.8' on page 119 undefined on input line 422.


LaTeX Warning: Reference `th:10.2' on page 119 undefined on input line 431.


LaTeX Warning: Reference `th:10.1' on page 119 undefined on input line 443.


LaTeX Warning: Reference `th:10.2' on page 119 undefined on input line 447.


LaTeX Warning: Reference `th:10.1' on page 119 undefined on input line 451.


LaTeX Warning: Reference `eq:10.9' on page 119 undefined on input line 451.


LaTeX Warning: Reference `th:8.4' on page 120 undefined on input line 467.


LaTeX Warning: Reference `th:8.4' on page 120 undefined on input line 467.


LaTeX Warning: Reference `th:8.5' on page 120 undefined on input line 474.


LaTeX Warning: Reference `th:8.5' on page 120 undefined on input line 474.


LaTeX Warning: Reference `th:10.1' on page 120 undefined on input line 484.


LaTeX Warning: Reference `th:4.2' on page 120 undefined on input line 484.


LaTeX Warning: Reference `th:10.1' on page 120 undefined on input line 498.


LaTeX Warning: Reference `th:10.1' on page 121 undefined on input line 506.


LaTeX Warning: Reference `th:10.2' on page 121 undefined on input line 510.


LaTeX Warning: Reference `eq:10.9' on page 121 undefined on input line 514.


LaTeX Warning: Reference `th:10.2' on page 121 undefined on input line 514.


LaTeX Warning: Reference `eq:10.7' on page 121 undefined on input line 520.


LaTeX Warning: Reference `eq:10.8' on page 121 undefined on input line 520.


LaTeX Warning: Reference `ex:10.5' on page 121 undefined on input line 535.


LaTeX Warning: Reference `th:8.5' on page 121 undefined on input line 546.


LaTeX Warning: Reference `th:8.5' on page 121 undefined on input line 546.


LaTeX Warning: Reference `ex:10.5' on page 122 undefined on input line 565.


LaTeX Warning: Reference `eq:10.11' on page 122 undefined on input line 565.


LaTeX Warning: Reference `eq:10.10' on page 122 undefined on input line 565.


LaTeX Warning: Reference `th:10.2' on page 122 undefined on input line 565.


LaTeX Warning: Reference `th:10.2' on page 122 undefined on input line 577.


LaTeX Warning: Reference `eq:10.10' on page 122 undefined on input line 581.

) (Lessons/Lesson_11.tex

LaTeX Warning: Reference `ex:8.7' on page 123 undefined on input line 36.


LaTeX Warning: Reference `ex:8.7' on page 124 undefined on input line 80.


LaTeX Warning: Reference `eq:11.1' on page 125 undefined on input line 112.


LaTeX Warning: Reference `def:11.5' on page 126 undefined on input line 170.


LaTeX Warning: Reference `eq:11.2' on page 126 undefined on input line 170.


LaTeX Warning: Reference `eq:11.2' on page 127 undefined on input line 207.


LaTeX Warning: Reference `eq:11.3' on page 127 undefined on input line 225.


LaTeX Warning: Reference `eq:6.4' on page 129 undefined on input line 275.


LaTeX Warning: Reference `def:11.4' on page 129 undefined on input line 285.


LaTeX Warning: Reference `eq:11.1' on page 129 undefined on input line 285.


LaTeX Warning: Reference `eq:11.1' on page 129 undefined on input line 307.


LaTeX Warning: Reference `th:8.5' on page 129 undefined on input line 309.


Overfull \hbox (11.71748pt too wide) detected at line 310
[] \OML/cmm/m/it/10.95 t dt \OT1/cmr/m/n/10.95 = []  \OMS/cmsy/m/n/10.95 ^^@ []
 \OML/cmm/m/it/10.95 t[]e[] dt \OT1/cmr/m/n/10.95 = [] \OML/cmm/m/it/10.95 t[][
]e[] dt [] t[]e[] \OMS/cmsy/m/n/10.95 ^^@ \OT1/cmr/m/n/10.95 2 [] \OML/cmm/m/it
/10.95 e[]t dt \OT1/cmr/m/n/10.95 = \OML/cmm/m/it/10.95 t[]e[] \OT1/cmr/m/n/10.
95 + 2\OML/cmm/m/it/10.95 e[]
 []


LaTeX Warning: Reference `eq:11.4' on page 130 undefined on input line 347.


LaTeX Warning: Reference `eq:11.4' on page 130 undefined on input line 352.


LaTeX Warning: Reference `def:11.6' on page 131 undefined on input line 383.


LaTeX Warning: Reference `eq:11.3' on page 131 undefined on input line 393.

A tikzpicture has been optimized away. Use '/tikz/external/optimize=false' to d
isable this.

LaTeX Warning: Reference `ex:11.2' on page 132 undefined on input line 450.

) (Lessons/Lesson_12.tex

LaTeX Warning: Reference `def:12.1' on page 134 undefined on input line 10.


LaTeX Warning: Reference `def:12.2' on page 135 undefined on input line 91.


LaTeX Warning: Reference `def:12.1' on page 135 undefined on input line 95.


LaTeX Warning: Reference `def:12.2' on page 136 undefined on input line 124.


LaTeX Warning: Reference `eq:12.1' on page 138 undefined on input line 230.

A tikzpicture has been optimized away. Use '/tikz/external/optimize=false' to d
isable this.
A tikzpicture has been optimized away. Use '/tikz/external/optimize=false' to d
isable this.
A tikzpicture has been optimized away. Use '/tikz/external/optimize=false' to d
isable this.

LaTeX Warning: Reference `eq:12.1' on page 138 undefined on input line 337.


LaTeX Warning: Reference `eq:12.1' on page 140 undefined on input line 409.

A tikzpicture has been optimized away. Use '/tikz/external/optimize=false' to d
isable this.

LaTeX Warning: Reference `eq:12.2' on page 141 undefined on input line 471.

)

LaTeX Warning: Empty bibliography on input line 258.


LaTeX Warning: Citation 'rudin1976principles' undefined on input line 259.


LaTeX Warning: Citation 'lang1999' undefined on input line 260.


LaTeX Warning: Citation 'paganisauce' undefined on input line 261.


LaTeX Warning: Citation 'Quarteroni2008' undefined on input line 262.


(C:\Users\angel\AppData\Local\Programs\MiKTeX\tex/generic/stringenc\se-pdfdoc.d
ef
File: se-pdfdoc.def 2019/11/29 v1.12 stringenc: PDFDocEncoding
)
(C:\Users\angel\AppData\Local\Programs\MiKTeX\tex/generic/stringenc\se-utf8.def
File: se-utf8.def 2019/11/29 v1.12 stringenc: UTF-8
) [142]
 ***********
LaTeX2e <2023-06-01> patch level 1
L3 programming layer <2020/03/25>
 ***********

LaTeX Warning: There were undefined references.


Package biblatex Warning: Please (re)run Biber on the file:
(biblatex)                Graphs/output-figure19
(biblatex)                and rerun LaTeX afterwards.

Package logreq Info: Writing requests to 'Graphs/output-figure19.run.xml'.
\openout1 = `Graphs/output-figure19.run.xml'.

 ) 
Here is how much of TeX's memory you used:
 53098 strings out of 475248
 1226601 string characters out of 5757813
 2556129 words of memory out of 5000000
 73710 multiletter control sequences out of 15000+600000
 586750 words of font info for 112 fonts, out of 8000000 for 9000
 1141 hyphenation exceptions out of 8191
 105i,23n,110p,2870b,2722s stack positions out of 10000i,1000n,20000p,200000b,200000s
 <C:\Users\angel\AppData\Local\MiKTeX\fonts/pk/ljfour/jknappen/ec/dpi600\ecrm
0800.pk> <C:\Users\angel\AppData\Local\MiKTeX\fonts/pk/ljfour/jknappen/ec/dpi60
0\ecrm1095.pk> <C:\Users\angel\AppData\Local\MiKTeX\fonts/pk/ljfour/jknappen/ec
/dpi600\ecbx1095.pk><C:/Users/angel/AppData/Local/Programs/MiKTeX/fonts/type1/p
ublic/amsfonts/cm/cmmi10.pfb><C:/Users/angel/AppData/Local/Programs/MiKTeX/font
s/type1/public/amsfonts/cm/cmmi8.pfb><C:/Users/angel/AppData/Local/Programs/MiK
TeX/fonts/type1/public/amsfonts/cm/cmr10.pfb>
Output written on Graphs/output-figure19.pdf (2 pages, 156689 bytes).
PDF statistics:
 103 PDF objects out of 1000 (max. 8388607)
 1 named destinations out of 1000 (max. 500000)
 21 words of extra memory for PDF output out of 10000 (max. 10000000)

